


ARM Macro Assembler    Page 1 


    1 00000000 400FE608 
                       SYSCTL_RCGCGPIO_R
                               EQU              0x400FE608
    2 00000000 40025400 
                       GPIO_PORTF_DIR_R
                               EQU              0x40025400
    3 00000000 4002551C 
                       GPIO_PORTF_DEN_R
                               EQU              0x4002551C
    4 00000000 400253FC 
                       GPIOF_PORTF_DATA_R
                               EQU              0x400253FC
    5 00000000         
    6 00000000 40025510 
                       GPIO_PORTF_PUR_R
                               EQU              0x40025510
    7 00000000 40025520 
                       GPIO_PORTF_LOCK_R
                               EQU              0x40025520
    8 00000000 40025524 
                       GPIO_PORTF_CR_R
                               EQU              0x40025524
    9 00000000 4C4F434B 
                       GPIO_LOCK_KEY
                               EQU              0x4C4F434B
   10 00000000         
   11 00000000 00000002 
                       RED     EQU              0x02        ; 0b 0000 0010
   12 00000000 001046AA 
                       SEC_DIV_FIVE
                               EQU              1066666     ; 1 SECOND DEVIDED 
                                                            BY 5
   13 00000000         
   14 00000000         ;0x400253EF, 0x400FF610  memory to map in debug session 
                       in simulation
   15 00000000         ;0x4C4F434A, 0x4C4F434C  memory to map in debug session 
                       in simulation
   16 00000000         
   17 00000000                 AREA             |.text|,CODE,READONLY,ALIGN=2
   18 00000000                 THUMB
   19 00000000                 EXPORT           main
   20 00000000         
   21 00000000         main
   22 00000000 F000 F818       BL               GPIOF_Init
   23 00000004         
   24 00000004         loop
   25 00000004 4818            LDR              R0,=SEC_DIV_FIVE
   26 00000006         ;BL  delay
   27 00000006 F000 F80D       BL               input
   28 0000000A 2801            CMP              R0,#0x01
   29 0000000C D002            BEQ              switch_on
   30 0000000E F000 F806       BL               output
   31 00000012 E7F7            B                loop
   32 00000014         
   33 00000014         switch_on
   34 00000014 F040 0002       ORR              R0,R0,#RED
   35 00000018 F000 F801       BL               output
   36 0000001C E7F2            B                loop
   37 0000001E         



ARM Macro Assembler    Page 2 


   38 0000001E         output
   39 0000001E 4913            LDR              R1,=GPIOF_PORTF_DATA_R
   40 00000020 6008            STR              R0,[R1]
   41 00000022 4770            BX               LR
   42 00000024         
   43 00000024         input
   44 00000024 4911            LDR              R1,=GPIOF_PORTF_DATA_R
   45 00000026 6808            LDR              R0,[R1]
   46 00000028 F000 0011       AND              R0,R0,#0x11
   47 0000002C 4770            BX               LR
   48 0000002E         
   49 0000002E         delay
   50 0000002E 1E40            SUBS             R0,R0, #1
   51 00000030 D1FD            BNE              delay
   52 00000032 4770            BX               LR
   53 00000034         
   54 00000034         GPIOF_Init
   55 00000034 490E            LDR              R1,=SYSCTL_RCGCGPIO_R
   56 00000036 6808            LDR              R0,[R1]
   57 00000038 F040 0020       ORR              R0,R0,#0x20
   58 0000003C 6008            STR              R0,[R1]
   59 0000003E         
   60 0000003E 490D            LDR              R1,=GPIO_PORTF_LOCK_R
   61 00000040 480D            LDR              R0,=GPIO_LOCK_KEY
   62 00000042 6008            STR              R0,[R1]
   63 00000044         
   64 00000044 490D            LDR              R1,=GPIO_PORTF_CR_R
   65 00000046 F04F 00FF       MOV              R0,#0XFF
   66 0000004A 6008            STR              R0,[R1]
   67 0000004C         
   68 0000004C 490C            LDR              R1,=GPIO_PORTF_DIR_R
   69 0000004E F04F 0002       MOV              R0,#0x02
   70 00000052 6008            STR              R0,[R1]
   71 00000054         
   72 00000054 490B            LDR              R1,=GPIO_PORTF_PUR_R
   73 00000056 F04F 0010       MOV              R0,#0x10
   74 0000005A 6008            STR              R0,[R1]
   75 0000005C         
   76 0000005C 490A            LDR              R1,=GPIO_PORTF_DEN_R
   77 0000005E F04F 0013       MOV              R0,#0X13
   78 00000062 6008            STR              R0,[R1]
   79 00000064         
   80 00000064 4770            BX               LR
   81 00000066         
   82 00000066 00 00           ALIGN
   83 00000068                 END
              001046AA 
              400253FC 
              400FE608 
              40025520 
              4C4F434B 
              40025524 
              40025400 
              40025510 
              4002551C 
Command Line: --debug --xref --diag_suppress=9931 --cpu=Cortex-M4.fp.sp --depen
d=.\objects\main.d -o.\objects\main.o -I.\RTE\_Target_1 -IC:\Users\mahmo\AppDat
a\Local\Arm\Packs\ARM\CMSIS\5.7.0\CMSIS\Core\Include -IC:\Users\mahmo\AppData\L
ocal\Arm\Packs\Keil\TM4C_DFP\1.1.0\Device\Include\TM4C123 --predefine="__EVAL S



ARM Macro Assembler    Page 3 


ETA 1" --predefine="__UVISION_VERSION SETA 529" --predefine="_RTE_ SETA 1" --pr
edefine="TM4C123GH6PM SETA 1" --list=.\listings\main.lst main.s



ARM Macro Assembler    Page 1 Alphabetic symbol ordering
Relocatable symbols

.text 00000000

Symbol: .text
   Definitions
      At line 17 in file main.s
   Uses
      None
Comment: .text unused
GPIOF_Init 00000034

Symbol: GPIOF_Init
   Definitions
      At line 54 in file main.s
   Uses
      At line 22 in file main.s
Comment: GPIOF_Init used once
delay 0000002E

Symbol: delay
   Definitions
      At line 49 in file main.s
   Uses
      At line 51 in file main.s
Comment: delay used once
input 00000024

Symbol: input
   Definitions
      At line 43 in file main.s
   Uses
      At line 27 in file main.s
Comment: input used once
loop 00000004

Symbol: loop
   Definitions
      At line 24 in file main.s
   Uses
      At line 31 in file main.s
      At line 36 in file main.s

main 00000000

Symbol: main
   Definitions
      At line 21 in file main.s
   Uses
      At line 19 in file main.s
Comment: main used once
output 0000001E

Symbol: output
   Definitions
      At line 38 in file main.s
   Uses
      At line 30 in file main.s
      At line 35 in file main.s

switch_on 00000014



ARM Macro Assembler    Page 2 Alphabetic symbol ordering
Relocatable symbols


Symbol: switch_on
   Definitions
      At line 33 in file main.s
   Uses
      At line 29 in file main.s
Comment: switch_on used once
8 symbols



ARM Macro Assembler    Page 1 Alphabetic symbol ordering
Absolute symbols

GPIOF_PORTF_DATA_R 400253FC

Symbol: GPIOF_PORTF_DATA_R
   Definitions
      At line 4 in file main.s
   Uses
      At line 39 in file main.s
      At line 44 in file main.s

GPIO_LOCK_KEY 4C4F434B

Symbol: GPIO_LOCK_KEY
   Definitions
      At line 9 in file main.s
   Uses
      At line 61 in file main.s
Comment: GPIO_LOCK_KEY used once
GPIO_PORTF_CR_R 40025524

Symbol: GPIO_PORTF_CR_R
   Definitions
      At line 8 in file main.s
   Uses
      At line 64 in file main.s
Comment: GPIO_PORTF_CR_R used once
GPIO_PORTF_DEN_R 4002551C

Symbol: GPIO_PORTF_DEN_R
   Definitions
      At line 3 in file main.s
   Uses
      At line 76 in file main.s
Comment: GPIO_PORTF_DEN_R used once
GPIO_PORTF_DIR_R 40025400

Symbol: GPIO_PORTF_DIR_R
   Definitions
      At line 2 in file main.s
   Uses
      At line 68 in file main.s
Comment: GPIO_PORTF_DIR_R used once
GPIO_PORTF_LOCK_R 40025520

Symbol: GPIO_PORTF_LOCK_R
   Definitions
      At line 7 in file main.s
   Uses
      At line 60 in file main.s
Comment: GPIO_PORTF_LOCK_R used once
GPIO_PORTF_PUR_R 40025510

Symbol: GPIO_PORTF_PUR_R
   Definitions
      At line 6 in file main.s
   Uses
      At line 72 in file main.s
Comment: GPIO_PORTF_PUR_R used once
RED 00000002




ARM Macro Assembler    Page 2 Alphabetic symbol ordering
Absolute symbols

Symbol: RED
   Definitions
      At line 11 in file main.s
   Uses
      At line 34 in file main.s
Comment: RED used once
SEC_DIV_FIVE 001046AA

Symbol: SEC_DIV_FIVE
   Definitions
      At line 12 in file main.s
   Uses
      At line 25 in file main.s
Comment: SEC_DIV_FIVE used once
SYSCTL_RCGCGPIO_R 400FE608

Symbol: SYSCTL_RCGCGPIO_R
   Definitions
      At line 1 in file main.s
   Uses
      At line 55 in file main.s
Comment: SYSCTL_RCGCGPIO_R used once
10 symbols
355 symbols in table
