


ARM Macro Assembler    Page 1 


    1 00000000 400FE608 
                       SYSCTL_RCGCGPIO_R
                               EQU              0x400FE608
    2 00000000         
    3 00000000 40004400 
                       GPIO_PORTA_DIR_R
                               EQU              0x40004400
    4 00000000 4000451C 
                       GPIO_PORTA_DEN_R
                               EQU              0x4000451C
    5 00000000 400043FC 
                       GPIOF_PORTA_DATA_R
                               EQU              0x400043FC
    6 00000000 40004520 
                       GPIO_PORTA_LOCK_R
                               EQU              0x40004520
    7 00000000 40004524 
                       GPIO_PORTA_CR_R
                               EQU              0x40004524
    8 00000000         
    9 00000000 40005400 
                       GPIO_PORTB_DIR_R
                               EQU              0x40005400
   10 00000000 4000551C 
                       GPIO_PORTB_DEN_R
                               EQU              0x4000551C
   11 00000000 400053FC 
                       GPIOF_PORTB_DATA_R
                               EQU              0x400053FC
   12 00000000 40005520 
                       GPIO_PORTB_LOCK_R
                               EQU              0x40005520
   13 00000000 40005524 
                       GPIO_PORTB_CR_R
                               EQU              0x40005524
   14 00000000         
   15 00000000 4C4F434B 
                       GPIO_UNLOCK_KEY
                               EQU              0x4C4F434B
   16 00000000         
   17 00000000                 AREA             |.text|,CODE,READONLY,ALIGN=2
   18 00000000                 THUMB
   19 00000000                 EXPORT           CONFIG
   20 00000000         
   21 00000000         CONFIG
   22 00000000         Clock
   23 00000000 490C            LDR              R1, =SYSCTL_RCGCGPIO_R
   24 00000002 6808            LDR              R0, [R1]
   25 00000004 F040 0003       ORR              R0, R0, #0X03
   26 00000008 6008            STR              R0, [R1]
   27 0000000A         Port_A
   28 0000000A         ;   LDR R1, =GPIO_PORTA_LOCK_R
   29 0000000A         ;   LDR R0, =GPIO_UNLOCK_KEY
   30 0000000A         ;   STR R0, [R1]
   31 0000000A         ;   
   32 0000000A         ;   LDR R1, =GPIO_PORTA_CR_R
   33 0000000A         ;   MOV R0, #0xFF
   34 0000000A         ;   STR R0, [R1]
   35 0000000A         



ARM Macro Assembler    Page 2 


   36 0000000A 490B            LDR              R1, =GPIO_PORTA_DIR_R
   37 0000000C 6808            LDR              R0, [R1]
   38 0000000E F040 00E0       ORR              R0, R0, #0xE0
   39 00000012 6008            STR              R0, [R1]
   40 00000014         
   41 00000014 4909            LDR              R1, =GPIO_PORTA_DEN_R
   42 00000016 6808            LDR              R0, [R1]
   43 00000018 F040 00E0       ORR              R0, R0, #0xE0
   44 0000001C 6008            STR              R0, [R1]
   45 0000001E         Port_B
   46 0000001E         ;   LDR R1, =GPIO_PORTB_LOCK_R
   47 0000001E         ;   LDR R0, =GPIO_UNLOCK_KEY
   48 0000001E         ;   STR R0, [R1]
   49 0000001E         ;   
   50 0000001E         ;   LDR R1, =GPIO_PORTB_CR_R
   51 0000001E         ;   MOV R0, #0xFF
   52 0000001E         ;   STR R0, [R1]
   53 0000001E         
   54 0000001E 4908            LDR              R1, =GPIO_PORTB_DIR_R
   55 00000020 6808            LDR              R0, [R1]
   56 00000022 F040 00FF       ORR              R0, R0, #0xFF
   57 00000026 6008            STR              R0, [R1]
   58 00000028         
   59 00000028 4906            LDR              R1, =GPIO_PORTB_DEN_R
   60 0000002A 6808            LDR              R0, [R1]
   61 0000002C F040 00FF       ORR              R0, R0, #0xFF
   62 00000030 6008            STR              R0, [R1]
   63 00000032         
   64 00000032         
   65 00000032 00 00           ALIGN
   66 00000034                 END
              400FE608 
              40004400 
              4000451C 
              40005400 
              4000551C 
Command Line: --debug --xref --diag_suppress=9931 --cpu=Cortex-M4.fp.sp --apcs=
interwork --depend=.\objects\config.d -o.\objects\config.o -I.\RTE\_TIVAC -IC:\
Users\mahmo\AppData\Local\Arm\Packs\ARM\CMSIS\5.7.0\CMSIS\Core\Include -IC:\Use
rs\mahmo\AppData\Local\Arm\Packs\Keil\TM4C_DFP\1.1.0\Device\Include\TM4C123 --p
redefine="__EVAL SETA 1" --predefine="__UVISION_VERSION SETA 529" --predefine="
_RTE_ SETA 1" --predefine="TM4C123GH6PM SETA 1" --list=.\listings\config.lst CO
NFIG.s



ARM Macro Assembler    Page 1 Alphabetic symbol ordering
Relocatable symbols

.text 00000000

Symbol: .text
   Definitions
      At line 17 in file CONFIG.s
   Uses
      None
Comment: .text unused
CONFIG 00000000

Symbol: CONFIG
   Definitions
      At line 21 in file CONFIG.s
   Uses
      At line 19 in file CONFIG.s
Comment: CONFIG used once
Clock 00000000

Symbol: Clock
   Definitions
      At line 22 in file CONFIG.s
   Uses
      None
Comment: Clock unused
Port_A 0000000A

Symbol: Port_A
   Definitions
      At line 27 in file CONFIG.s
   Uses
      None
Comment: Port_A unused
Port_B 0000001E

Symbol: Port_B
   Definitions
      At line 45 in file CONFIG.s
   Uses
      None
Comment: Port_B unused
5 symbols



ARM Macro Assembler    Page 1 Alphabetic symbol ordering
Absolute symbols

GPIOF_PORTA_DATA_R 400043FC

Symbol: GPIOF_PORTA_DATA_R
   Definitions
      At line 5 in file CONFIG.s
   Uses
      None
Comment: GPIOF_PORTA_DATA_R unused
GPIOF_PORTB_DATA_R 400053FC

Symbol: GPIOF_PORTB_DATA_R
   Definitions
      At line 11 in file CONFIG.s
   Uses
      None
Comment: GPIOF_PORTB_DATA_R unused
GPIO_PORTA_CR_R 40004524

Symbol: GPIO_PORTA_CR_R
   Definitions
      At line 7 in file CONFIG.s
   Uses
      None
Comment: GPIO_PORTA_CR_R unused
GPIO_PORTA_DEN_R 4000451C

Symbol: GPIO_PORTA_DEN_R
   Definitions
      At line 4 in file CONFIG.s
   Uses
      At line 41 in file CONFIG.s
Comment: GPIO_PORTA_DEN_R used once
GPIO_PORTA_DIR_R 40004400

Symbol: GPIO_PORTA_DIR_R
   Definitions
      At line 3 in file CONFIG.s
   Uses
      At line 36 in file CONFIG.s
Comment: GPIO_PORTA_DIR_R used once
GPIO_PORTA_LOCK_R 40004520

Symbol: GPIO_PORTA_LOCK_R
   Definitions
      At line 6 in file CONFIG.s
   Uses
      None
Comment: GPIO_PORTA_LOCK_R unused
GPIO_PORTB_CR_R 40005524

Symbol: GPIO_PORTB_CR_R
   Definitions
      At line 13 in file CONFIG.s
   Uses
      None
Comment: GPIO_PORTB_CR_R unused
GPIO_PORTB_DEN_R 4000551C

Symbol: GPIO_PORTB_DEN_R



ARM Macro Assembler    Page 2 Alphabetic symbol ordering
Absolute symbols

   Definitions
      At line 10 in file CONFIG.s
   Uses
      At line 59 in file CONFIG.s
Comment: GPIO_PORTB_DEN_R used once
GPIO_PORTB_DIR_R 40005400

Symbol: GPIO_PORTB_DIR_R
   Definitions
      At line 9 in file CONFIG.s
   Uses
      At line 54 in file CONFIG.s
Comment: GPIO_PORTB_DIR_R used once
GPIO_PORTB_LOCK_R 40005520

Symbol: GPIO_PORTB_LOCK_R
   Definitions
      At line 12 in file CONFIG.s
   Uses
      None
Comment: GPIO_PORTB_LOCK_R unused
GPIO_UNLOCK_KEY 4C4F434B

Symbol: GPIO_UNLOCK_KEY
   Definitions
      At line 15 in file CONFIG.s
   Uses
      None
Comment: GPIO_UNLOCK_KEY unused
SYSCTL_RCGCGPIO_R 400FE608

Symbol: SYSCTL_RCGCGPIO_R
   Definitions
      At line 1 in file CONFIG.s
   Uses
      At line 23 in file CONFIG.s
Comment: SYSCTL_RCGCGPIO_R used once
12 symbols
354 symbols in table
