


ARM Macro Assembler    Page 1 


    1 00000000 400FE608 
                       SYSCTL_RCGCGPIO_R
                               EQU              0x400FE608
    2 00000000 400253FC 
                       GPIO_PORTF_DATA_R
                               EQU              0x400253FC
    3 00000000 40025400 
                       GPIO_PORTF_DIR_R
                               EQU              0x40025400
    4 00000000 4002551C 
                       GPIO_PORTF_DEN_R
                               EQU              0x4002551C
    5 00000000         
    6 00000000 40025510 
                       GPIO_PORTF_PUR_R
                               EQU              0x40025510
    7 00000000 40025520 
                       GPIO_PORTF_LOCK_R
                               EQU              0x40025520
    8 00000000 40025524 
                       GPIO_PORTF_CR_R
                               EQU              0x40025524
    9 00000000 4C4F434B 
                       GPIO_LOCK_KEY
                               EQU              0x4C4F434B
   10 00000000         
   11 00000000 00000002 
                       RED     EQU              0x02
   12 00000000 001046AA 
                       SEC_DIV_FIVE
                               EQU              1066666     ;1second divided by
                                                             5
   13 00000000         
   14 00000000         
   15 00000000                 AREA             |.text|, CODE, READONLY, ALIGN=
2
   16 00000000                 THUMB
   17 00000000                 EXPORT           Main
   18 00000000         
   19 00000000         Main
   20 00000000 F000 F80A       BL               GPIOF_init  ; initialize input 
                                                            and output pins of 
                                                            Port F
   21 00000004         loop
   22 00000004 4819            LDR              R0, = SEC_DIV_FIVE ; R0 = FIFTH
                                                            SEC (delay 0.2 seco
                                                            nd)
   23 00000006 F000 F825       BL               delay       ; delay at least (3
                                                            *R0) cycles
   24 0000000A F000 F826       BL               Input       ; read all of the s
                                                            witches on Port F
   25 0000000E 2801            CMP              R0, #0x01   ; R0 == 0x01?
   26 00000010 D01B            BEQ              SWITCH_ON   ; if so, switch 1 p
                                                            ressed
   27 00000012 F000 F827       BL               Output      ; turn all of the L
                                                            EDs on
   28 00000016 E7F5            B                loop
   29 00000018         
   30 00000018         GPIOF_init



ARM Macro Assembler    Page 2 


   31 00000018 4915            LDR              R1, =SYSCTL_RCGCGPIO_R ; 1) act
                                                            ivate clock for Por
                                                            t F
   32 0000001A 6808            LDR              R0, [R1]
   33 0000001C F040 0020       ORR              R0, R0, #0x20 ; set bit 5 to tu
                                                            rn on clock
   34 00000020 6008            STR              R0, [R1]
   35 00000022         
   36 00000022 4914            LDR              R1, =GPIO_PORTF_LOCK_R ; 2) unl
                                                            ock the lock regist
                                                            er
   37 00000024 4814            LDR              R0, =0x4C4F434B ; unlock GPIO P
                                                            ort F Commit Regist
                                                            er
   38 00000026 6008            STR              R0, [R1]
   39 00000028 4914            LDR              R1, =GPIO_PORTF_CR_R ; enable c
                                                            ommit for Port F
   40 0000002A F04F 00FF       MOV              R0, #0xFF   ; 1 means allow acc
                                                            ess
   41 0000002E 6008            STR              R0, [R1]
   42 00000030 4913            LDR              R1, =GPIO_PORTF_DIR_R ; 5) set 
                                                            direction register
   43 00000032 F04F 000E       MOV              R0,#0x0E    ; PF0 and PF7-4 inp
                                                            ut, PF3-1 output
   44 00000036 6008            STR              R0, [R1]
   45 00000038 4912            LDR              R1, =GPIO_PORTF_PUR_R ; pull-up
                                                             resistors for PF4,
                                                            PF0
   46 0000003A F04F 0011       MOV              R0, #0x11   ; enable weak pull-
                                                            up on PF0 and PF4
   47 0000003E 6008            STR              R0, [R1]
   48 00000040 4911            LDR              R1, =GPIO_PORTF_DEN_R ; 7) enab
                                                            le Port F digital p
                                                            ort
   49 00000042 F04F 00FF       MOV              R0, #0xFF   ; 1 means enable di
                                                            gital I/O
   50 00000046 6008            STR              R0, [R1]
   51 00000048 4770            BX               LR
   52 0000004A         SWITCH_ON
   53 0000004A F04F 0002       MOV              R0, #RED    ; R0 = BLUE (blue L
                                                            ED on)
   54 0000004E F000 F809       BL               Output      ; turn the blue LED
                                                             on
   55 00000052 E7D7            B                loop
   56 00000054         delay
   57 00000054 1E40            SUBS             R0, R0, #1
   58 00000056 D1FD            BNE              delay
   59 00000058 4770            BX               LR
   60 0000005A         
   61 0000005A         Input
   62 0000005A 490C            LDR              R1, =GPIO_PORTF_DATA_R
   63 0000005C 6808            LDR              R0, [R1]
   64 0000005E F000 0011       AND              R0,R0,#0x11
   65 00000062 4770            BX               LR
   66 00000064         Output
   67 00000064 4909            LDR              R1, =GPIO_PORTF_DATA_R
   68 00000066 6008            STR              R0, [R1]
   69 00000068 4770            BX               LR
   70 0000006A         



ARM Macro Assembler    Page 3 


   71 0000006A 00 00           ALIGN
   72 0000006C                 END
              001046AA 
              400FE608 
              40025520 
              4C4F434B 
              40025524 
              40025400 
              40025510 
              4002551C 
              400253FC 
Command Line: --debug --xref --diag_suppress=9931 --cpu=Cortex-M4.fp --apcs=int
erwork --depend=.\objects\main.d -o.\objects\main.o -IC:\Users\Israel\Documents
\CORTEX-M.COM\Switch_Red_ON\RTE -IC:\Keil_v5\V518a\ARM\PACK\ARM\CMSIS\4.5.0\CMS
IS\Include -IC:\Keil_v5\V518a\ARM\PACK\Keil\TM4C_DFP\1.1.0\Device\Include\TM4C1
23 --predefine="__EVAL SETA 1" --predefine="__UVISION_VERSION SETA 518" --prede
fine="_RTE_ SETA 1" --predefine="TM4C1230H6PM SETA 1" --list=.\listings\main.ls
t main.s



ARM Macro Assembler    Page 1 Alphabetic symbol ordering
Relocatable symbols

.text 00000000

Symbol: .text
   Definitions
      At line 15 in file main.s
   Uses
      None
Comment: .text unused
GPIOF_init 00000018

Symbol: GPIOF_init
   Definitions
      At line 30 in file main.s
   Uses
      At line 20 in file main.s
Comment: GPIOF_init used once
Input 0000005A

Symbol: Input
   Definitions
      At line 61 in file main.s
   Uses
      At line 24 in file main.s
Comment: Input used once
Main 00000000

Symbol: Main
   Definitions
      At line 19 in file main.s
   Uses
      At line 17 in file main.s
Comment: Main used once
Output 00000064

Symbol: Output
   Definitions
      At line 66 in file main.s
   Uses
      At line 27 in file main.s
      At line 54 in file main.s

SWITCH_ON 0000004A

Symbol: SWITCH_ON
   Definitions
      At line 52 in file main.s
   Uses
      At line 26 in file main.s
Comment: SWITCH_ON used once
delay 00000054

Symbol: delay
   Definitions
      At line 56 in file main.s
   Uses
      At line 23 in file main.s
      At line 58 in file main.s

loop 00000004



ARM Macro Assembler    Page 2 Alphabetic symbol ordering
Relocatable symbols


Symbol: loop
   Definitions
      At line 21 in file main.s
   Uses
      At line 28 in file main.s
      At line 55 in file main.s

8 symbols



ARM Macro Assembler    Page 1 Alphabetic symbol ordering
Absolute symbols

GPIO_LOCK_KEY 4C4F434B

Symbol: GPIO_LOCK_KEY
   Definitions
      At line 9 in file main.s
   Uses
      None
Comment: GPIO_LOCK_KEY unused
GPIO_PORTF_CR_R 40025524

Symbol: GPIO_PORTF_CR_R
   Definitions
      At line 8 in file main.s
   Uses
      At line 39 in file main.s
Comment: GPIO_PORTF_CR_R used once
GPIO_PORTF_DATA_R 400253FC

Symbol: GPIO_PORTF_DATA_R
   Definitions
      At line 2 in file main.s
   Uses
      At line 62 in file main.s
      At line 67 in file main.s

GPIO_PORTF_DEN_R 4002551C

Symbol: GPIO_PORTF_DEN_R
   Definitions
      At line 4 in file main.s
   Uses
      At line 48 in file main.s
Comment: GPIO_PORTF_DEN_R used once
GPIO_PORTF_DIR_R 40025400

Symbol: GPIO_PORTF_DIR_R
   Definitions
      At line 3 in file main.s
   Uses
      At line 42 in file main.s
Comment: GPIO_PORTF_DIR_R used once
GPIO_PORTF_LOCK_R 40025520

Symbol: GPIO_PORTF_LOCK_R
   Definitions
      At line 7 in file main.s
   Uses
      At line 36 in file main.s
Comment: GPIO_PORTF_LOCK_R used once
GPIO_PORTF_PUR_R 40025510

Symbol: GPIO_PORTF_PUR_R
   Definitions
      At line 6 in file main.s
   Uses
      At line 45 in file main.s
Comment: GPIO_PORTF_PUR_R used once
RED 00000002




ARM Macro Assembler    Page 2 Alphabetic symbol ordering
Absolute symbols

Symbol: RED
   Definitions
      At line 11 in file main.s
   Uses
      At line 53 in file main.s
Comment: RED used once
SEC_DIV_FIVE 001046AA

Symbol: SEC_DIV_FIVE
   Definitions
      At line 12 in file main.s
   Uses
      At line 22 in file main.s
Comment: SEC_DIV_FIVE used once
SYSCTL_RCGCGPIO_R 400FE608

Symbol: SYSCTL_RCGCGPIO_R
   Definitions
      At line 1 in file main.s
   Uses
      At line 31 in file main.s
Comment: SYSCTL_RCGCGPIO_R used once
10 symbols
355 symbols in table
