


ARM Macro Assembler    Page 1 


    1 00000000         ;/******************************************************
                       ********************//**
    2 00000000         ; * @file     startup_TM4C123.s
    3 00000000         ; * @brief    CMSIS Cortex-M4 Core Device Startup File f
                       or
    4 00000000         ; *           TI Tiva TM4C123 Blizzard Class Device
    5 00000000         ; * @version  V1.00
    6 00000000         ; * @date     15. May 2013
    7 00000000         ; *
    8 00000000         ; * @note
    9 00000000         ; * Copyright (C) 2011 ARM Limited. All rights reserved.
                       
   10 00000000         ; *
   11 00000000         ; * @par
   12 00000000         ; * ARM Limited (ARM) is supplying this software for use
                        with Cortex-M
   13 00000000         ; * processor based microcontrollers.  This file can be 
                       freely distributed
   14 00000000         ; * within development tools that are supporting such AR
                       M based processors.
   15 00000000         ; *
   16 00000000         ; * @par
   17 00000000         ; * THIS SOFTWARE IS PROVIDED "AS IS".  NO WARRANTIES, W
                       HETHER EXPRESS, IMPLIED
   18 00000000         ; * OR STATUTORY, INCLUDING, BUT NOT LIMITED TO, IMPLIED
                        WARRANTIES OF
   19 00000000         ; * MERCHANTABILITY AND FITNESS FOR A PARTICULAR PURPOSE
                        APPLY TO THIS SOFTWARE.
   20 00000000         ; * ARM SHALL NOT, IN ANY CIRCUMSTANCES, BE LIABLE FOR S
                       PECIAL, INCIDENTAL, OR
   21 00000000         ; * CONSEQUENTIAL DAMAGES, FOR ANY REASON WHATSOEVER.
   22 00000000         ; *
   23 00000000         ; ******************************************************
                       ************************/
   24 00000000         ;/*
   25 00000000         ;//-------- <<< Use Configuration Wizard in Context Menu
                        >>> ------------------
   26 00000000         ;*/
   27 00000000         
   28 00000000         
   29 00000000         ; <h> Stack Configuration
   30 00000000         ;   <o> Stack Size (in Bytes) <0x0-0xFFFFFFFF:8>
   31 00000000         ; </h>
   32 00000000         
   33 00000000 00000200 
                       Stack_Size
                               EQU              0x00000200
   34 00000000         
   35 00000000                 AREA             STACK, NOINIT, READWRITE, ALIGN
=3
   36 00000000         Stack_Mem
                               SPACE            Stack_Size
   37 00000200         __initial_sp
   38 00000200         
   39 00000200         
   40 00000200         ; <h> Heap Configuration
   41 00000200         ;   <o>  Heap Size (in Bytes) <0x0-0xFFFFFFFF:8>
   42 00000200         ; </h>
   43 00000200         



ARM Macro Assembler    Page 2 


   44 00000200 00000000 
                       Heap_Size
                               EQU              0x00000000
   45 00000200         
   46 00000200                 AREA             HEAP, NOINIT, READWRITE, ALIGN=
3
   47 00000000         __heap_base
   48 00000000         Heap_Mem
                               SPACE            Heap_Size
   49 00000000         __heap_limit
   50 00000000         
   51 00000000         
   52 00000000                 PRESERVE8
   53 00000000                 THUMB
   54 00000000         
   55 00000000         
   56 00000000         ; Vector Table Mapped to Address 0 at Reset
   57 00000000         
   58 00000000                 AREA             RESET, DATA, READONLY
   59 00000000                 EXPORT           __Vectors
   60 00000000                 EXPORT           __Vectors_End
   61 00000000                 EXPORT           __Vectors_Size
   62 00000000         
   63 00000000 00000000 
                       __Vectors
                               DCD              __initial_sp ; Top of Stack
   64 00000004 00000000        DCD              Reset_Handler ; Reset Handler
   65 00000008 00000000        DCD              NMI_Handler ; NMI Handler
   66 0000000C 00000000        DCD              HardFault_Handler ; Hard Fault 
                                                            Handler
   67 00000010 00000000        DCD              MemManage_Handler 
                                                            ; MPU Fault Handler
                                                            
   68 00000014 00000000        DCD              BusFault_Handler 
                                                            ; Bus Fault Handler
                                                            
   69 00000018 00000000        DCD              UsageFault_Handler ; Usage Faul
                                                            t Handler
   70 0000001C 00000000        DCD              0           ; Reserved
   71 00000020 00000000        DCD              0           ; Reserved
   72 00000024 00000000        DCD              0           ; Reserved
   73 00000028 00000000        DCD              0           ; Reserved
   74 0000002C 00000000        DCD              SVC_Handler ; SVCall Handler
   75 00000030 00000000        DCD              DebugMon_Handler ; Debug Monito
                                                            r Handler
   76 00000034 00000000        DCD              0           ; Reserved
   77 00000038 00000000        DCD              PendSV_Handler ; PendSV Handler
                                                            
   78 0000003C 00000000        DCD              SysTick_Handler 
                                                            ; SysTick Handler
   79 00000040         
   80 00000040         ; External Interrupts
   81 00000040         
   82 00000040 00000000        DCD              GPIOA_Handler 
                                                            ;   0: GPIO Port A
   83 00000044 00000000        DCD              GPIOB_Handler 
                                                            ;   1: GPIO Port B
   84 00000048 00000000        DCD              GPIOC_Handler 
                                                            ;   2: GPIO Port C



ARM Macro Assembler    Page 3 


   85 0000004C 00000000        DCD              GPIOD_Handler 
                                                            ;   3: GPIO Port D
   86 00000050 00000000        DCD              GPIOE_Handler 
                                                            ;   4: GPIO Port E
   87 00000054 00000000        DCD              UART0_Handler ;   5: UART0 Rx a
                                                            nd Tx
   88 00000058 00000000        DCD              UART1_Handler ;   6: UART1 Rx a
                                                            nd Tx
   89 0000005C 00000000        DCD              SSI0_Handler ;   7: SSI0 Rx and
                                                             Tx
   90 00000060 00000000        DCD              I2C0_Handler ;   8: I2C0 Master
                                                             and Slave
   91 00000064 00000000        DCD              PMW0_FAULT_Handler 
                                                            ;   9: PWM Fault
   92 00000068 00000000        DCD              PWM0_0_Handler ;  10: PWM Gener
                                                            ator 0
   93 0000006C 00000000        DCD              PWM0_1_Handler ;  11: PWM Gener
                                                            ator 1
   94 00000070 00000000        DCD              PWM0_2_Handler ;  12: PWM Gener
                                                            ator 2
   95 00000074 00000000        DCD              QEI0_Handler ;  13: Quadrature 
                                                            Encoder 0
   96 00000078 00000000        DCD              ADC0SS0_Handler ;  14: ADC Sequ
                                                            ence 0
   97 0000007C 00000000        DCD              ADC0SS1_Handler ;  15: ADC Sequ
                                                            ence 1
   98 00000080 00000000        DCD              ADC0SS2_Handler ;  16: ADC Sequ
                                                            ence 2
   99 00000084 00000000        DCD              ADC0SS3_Handler ;  17: ADC Sequ
                                                            ence 3
  100 00000088 00000000        DCD              WDT0_Handler ;  18: Watchdog ti
                                                            mer
  101 0000008C 00000000        DCD              TIMER0A_Handler ;  19: Timer 0 
                                                            subtimer A
  102 00000090 00000000        DCD              TIMER0B_Handler ;  20: Timer 0 
                                                            subtimer B
  103 00000094 00000000        DCD              TIMER1A_Handler ;  21: Timer 1 
                                                            subtimer A
  104 00000098 00000000        DCD              TIMER1B_Handler ;  22: Timer 1 
                                                            subtimer B
  105 0000009C 00000000        DCD              TIMER2A_Handler ;  23: Timer 2 
                                                            subtimer A
  106 000000A0 00000000        DCD              TIMER2B_Handler ;  24: Timer 2 
                                                            subtimer B
  107 000000A4 00000000        DCD              COMP0_Handler ;  25: Analog Com
                                                            parator 0
  108 000000A8 00000000        DCD              COMP1_Handler ;  26: Analog Com
                                                            parator 1
  109 000000AC 00000000        DCD              COMP2_Handler ;  27: Analog Com
                                                            parator 2
  110 000000B0 00000000        DCD              SYSCTL_Handler ;  28: System Co
                                                            ntrol (PLL, OSC, BO
                                                            )
  111 000000B4 00000000        DCD              FLASH_Handler ;  29: FLASH Cont
                                                            rol
  112 000000B8 00000000        DCD              GPIOF_Handler 
                                                            ;  30: GPIO Port F
  113 000000BC 00000000        DCD              GPIOG_Handler 
                                                            ;  31: GPIO Port G



ARM Macro Assembler    Page 4 


  114 000000C0 00000000        DCD              GPIOH_Handler 
                                                            ;  32: GPIO Port H
  115 000000C4 00000000        DCD              UART2_Handler ;  33: UART2 Rx a
                                                            nd Tx
  116 000000C8 00000000        DCD              SSI1_Handler ;  34: SSI1 Rx and
                                                             Tx
  117 000000CC 00000000        DCD              TIMER3A_Handler ;  35: Timer 3 
                                                            subtimer A
  118 000000D0 00000000        DCD              TIMER3B_Handler ;  36: Timer 3 
                                                            subtimer B
  119 000000D4 00000000        DCD              I2C1_Handler ;  37: I2C1 Master
                                                             and Slave
  120 000000D8 00000000        DCD              QEI1_Handler ;  38: Quadrature 
                                                            Encoder 1
  121 000000DC 00000000        DCD              CAN0_Handler ;  39: CAN0
  122 000000E0 00000000        DCD              CAN1_Handler ;  40: CAN1
  123 000000E4 00000000        DCD              CAN2_Handler ;  41: CAN2
  124 000000E8 00000000        DCD              0           ;  42: Reserved
  125 000000EC 00000000        DCD              HIB_Handler ;  43: Hibernate
  126 000000F0 00000000        DCD              USB0_Handler ;  44: USB0
  127 000000F4 00000000        DCD              PWM0_3_Handler ;  45: PWM Gener
                                                            ator 3
  128 000000F8 00000000        DCD              UDMA_Handler ;  46: uDMA Softwa
                                                            re Transfer
  129 000000FC 00000000        DCD              UDMAERR_Handler 
                                                            ;  47: uDMA Error
  130 00000100 00000000        DCD              ADC1SS0_Handler ;  48: ADC1 Seq
                                                            uence 0
  131 00000104 00000000        DCD              ADC1SS1_Handler ;  49: ADC1 Seq
                                                            uence 1
  132 00000108 00000000        DCD              ADC1SS2_Handler ;  50: ADC1 Seq
                                                            uence 2
  133 0000010C 00000000        DCD              ADC1SS3_Handler ;  51: ADC1 Seq
                                                            uence 3
  134 00000110 00000000        DCD              0           ;  52: Reserved
  135 00000114 00000000        DCD              0           ;  53: Reserved
  136 00000118 00000000        DCD              GPIOJ_Handler 
                                                            ;  54: GPIO Port J
  137 0000011C 00000000        DCD              GPIOK_Handler 
                                                            ;  55: GPIO Port K
  138 00000120 00000000        DCD              GPIOL_Handler 
                                                            ;  56: GPIO Port L
  139 00000124 00000000        DCD              SSI2_Handler ;  57: SSI2 Rx and
                                                             Tx
  140 00000128 00000000        DCD              SSI3_Handler ;  58: SSI3 Rx and
                                                             Tx
  141 0000012C 00000000        DCD              UART3_Handler ;  59: UART3 Rx a
                                                            nd Tx
  142 00000130 00000000        DCD              UART4_Handler ;  60: UART4 Rx a
                                                            nd Tx
  143 00000134 00000000        DCD              UART5_Handler ;  61: UART5 Rx a
                                                            nd Tx
  144 00000138 00000000        DCD              UART6_Handler ;  62: UART6 Rx a
                                                            nd Tx
  145 0000013C 00000000        DCD              UART7_Handler ;  63: UART7 Rx a
                                                            nd Tx
  146 00000140 00000000        DCD              0           ;  64: Reserved
  147 00000144 00000000        DCD              0           ;  65: Reserved
  148 00000148 00000000        DCD              0           ;  66: Reserved



ARM Macro Assembler    Page 5 


  149 0000014C 00000000        DCD              0           ;  67: Reserved
  150 00000150 00000000        DCD              I2C2_Handler ;  68: I2C2 Master
                                                             and Slave
  151 00000154 00000000        DCD              I2C3_Handler ;  69: I2C3 Master
                                                             and Slave
  152 00000158 00000000        DCD              TIMER4A_Handler ;  70: Timer 4 
                                                            subtimer A
  153 0000015C 00000000        DCD              TIMER4B_Handler ;  71: Timer 4 
                                                            subtimer B
  154 00000160 00000000        DCD              0           ;  72: Reserved
  155 00000164 00000000        DCD              0           ;  73: Reserved
  156 00000168 00000000        DCD              0           ;  74: Reserved
  157 0000016C 00000000        DCD              0           ;  75: Reserved
  158 00000170 00000000        DCD              0           ;  76: Reserved
  159 00000174 00000000        DCD              0           ;  77: Reserved
  160 00000178 00000000        DCD              0           ;  78: Reserved
  161 0000017C 00000000        DCD              0           ;  79: Reserved
  162 00000180 00000000        DCD              0           ;  80: Reserved
  163 00000184 00000000        DCD              0           ;  81: Reserved
  164 00000188 00000000        DCD              0           ;  82: Reserved
  165 0000018C 00000000        DCD              0           ;  83: Reserved
  166 00000190 00000000        DCD              0           ;  84: Reserved
  167 00000194 00000000        DCD              0           ;  85: Reserved
  168 00000198 00000000        DCD              0           ;  86: Reserved
  169 0000019C 00000000        DCD              0           ;  87: Reserved
  170 000001A0 00000000        DCD              0           ;  88: Reserved
  171 000001A4 00000000        DCD              0           ;  89: Reserved
  172 000001A8 00000000        DCD              0           ;  90: Reserved
  173 000001AC 00000000        DCD              0           ;  91: Reserved
  174 000001B0 00000000        DCD              TIMER5A_Handler ;  92: Timer 5 
                                                            subtimer A
  175 000001B4 00000000        DCD              TIMER5B_Handler ;  93: Timer 5 
                                                            subtimer B
  176 000001B8 00000000        DCD              WTIMER0A_Handler ;  94: Wide Ti
                                                            mer 0 subtimer A
  177 000001BC 00000000        DCD              WTIMER0B_Handler ;  95: Wide Ti
                                                            mer 0 subtimer B
  178 000001C0 00000000        DCD              WTIMER1A_Handler ;  96: Wide Ti
                                                            mer 1 subtimer A
  179 000001C4 00000000        DCD              WTIMER1B_Handler ;  97: Wide Ti
                                                            mer 1 subtimer B
  180 000001C8 00000000        DCD              WTIMER2A_Handler ;  98: Wide Ti
                                                            mer 2 subtimer A
  181 000001CC 00000000        DCD              WTIMER2B_Handler ;  99: Wide Ti
                                                            mer 2 subtimer B
  182 000001D0 00000000        DCD              WTIMER3A_Handler ; 100: Wide Ti
                                                            mer 3 subtimer A
  183 000001D4 00000000        DCD              WTIMER3B_Handler ; 101: Wide Ti
                                                            mer 3 subtimer B
  184 000001D8 00000000        DCD              WTIMER4A_Handler ; 102: Wide Ti
                                                            mer 4 subtimer A
  185 000001DC 00000000        DCD              WTIMER4B_Handler ; 103: Wide Ti
                                                            mer 4 subtimer B
  186 000001E0 00000000        DCD              WTIMER5A_Handler ; 104: Wide Ti
                                                            mer 5 subtimer A
  187 000001E4 00000000        DCD              WTIMER5B_Handler ; 105: Wide Ti
                                                            mer 5 subtimer B
  188 000001E8 00000000        DCD              FPU_Handler ; 106: FPU
  189 000001EC 00000000        DCD              0           ; 107: Reserved



ARM Macro Assembler    Page 6 


  190 000001F0 00000000        DCD              0           ; 108: Reserved
  191 000001F4 00000000        DCD              I2C4_Handler ; 109: I2C4 Master
                                                             and Slave
  192 000001F8 00000000        DCD              I2C5_Handler ; 110: I2C5 Master
                                                             and Slave
  193 000001FC 00000000        DCD              GPIOM_Handler 
                                                            ; 111: GPIO Port M
  194 00000200 00000000        DCD              GPION_Handler 
                                                            ; 112: GPIO Port N
  195 00000204 00000000        DCD              QEI2_Handler ; 113: Quadrature 
                                                            Encoder 2
  196 00000208 00000000        DCD              0           ; 114: Reserved
  197 0000020C 00000000        DCD              0           ; 115: Reserved
  198 00000210 00000000        DCD              GPIOP0_Handler ; 116: GPIO Port
                                                             P (Summary or P0)
  199 00000214 00000000        DCD              GPIOP1_Handler 
                                                            ; 117: GPIO Port P1
                                                            
  200 00000218 00000000        DCD              GPIOP2_Handler 
                                                            ; 118: GPIO Port P2
                                                            
  201 0000021C 00000000        DCD              GPIOP3_Handler 
                                                            ; 119: GPIO Port P3
                                                            
  202 00000220 00000000        DCD              GPIOP4_Handler 
                                                            ; 120: GPIO Port P4
                                                            
  203 00000224 00000000        DCD              GPIOP5_Handler 
                                                            ; 121: GPIO Port P5
                                                            
  204 00000228 00000000        DCD              GPIOP6_Handler 
                                                            ; 122: GPIO Port P6
                                                            
  205 0000022C 00000000        DCD              GPIOP7_Handler 
                                                            ; 123: GPIO Port P7
                                                            
  206 00000230 00000000        DCD              GPIOQ0_Handler ; 124: GPIO Port
                                                             Q (Summary or Q0)
  207 00000234 00000000        DCD              GPIOQ1_Handler 
                                                            ; 125: GPIO Port Q1
                                                            
  208 00000238 00000000        DCD              GPIOQ2_Handler 
                                                            ; 126: GPIO Port Q2
                                                            
  209 0000023C 00000000        DCD              GPIOQ3_Handler 
                                                            ; 127: GPIO Port Q3
                                                            
  210 00000240 00000000        DCD              GPIOQ4_Handler 
                                                            ; 128: GPIO Port Q4
                                                            
  211 00000244 00000000        DCD              GPIOQ5_Handler 
                                                            ; 129: GPIO Port Q5
                                                            
  212 00000248 00000000        DCD              GPIOQ6_Handler 
                                                            ; 130: GPIO Port Q6
                                                            
  213 0000024C 00000000        DCD              GPIOQ7_Handler 
                                                            ; 131: GPIO Port Q7
                                                            



ARM Macro Assembler    Page 7 


  214 00000250 00000000        DCD              GPIOR_Handler 
                                                            ; 132: GPIO Port R
  215 00000254 00000000        DCD              GPIOS_Handler 
                                                            ; 133: GPIO Port S
  216 00000258 00000000        DCD              PMW1_0_Handler ; 134: PWM 1 Gen
                                                            erator 0
  217 0000025C 00000000        DCD              PWM1_1_Handler ; 135: PWM 1 Gen
                                                            erator 1
  218 00000260 00000000        DCD              PWM1_2_Handler ; 136: PWM 1 Gen
                                                            erator 2
  219 00000264 00000000        DCD              PWM1_3_Handler ; 137: PWM 1 Gen
                                                            erator 3
  220 00000268 00000000        DCD              PWM1_FAULT_Handler 
                                                            ; 138: PWM 1 Fault
  221 0000026C         
  222 0000026C         __Vectors_End
  223 0000026C         
  224 0000026C 0000026C 
                       __Vectors_Size
                               EQU              __Vectors_End - __Vectors
  225 0000026C         
  226 0000026C                 AREA             |.text|, CODE, READONLY
  227 00000000         
  228 00000000         
  229 00000000         ; Reset Handler
  230 00000000         
  231 00000000         Reset_Handler
                               PROC
  232 00000000                 EXPORT           Reset_Handler             [WEAK
]
  233 00000000                 IMPORT           SystemInit
  234 00000000                 IMPORT           Config
  235 00000000                 IMPORT           main
  236 00000000 4840            LDR              R0, =SystemInit
  237 00000002 4780            BLX              R0
  238 00000004 4840            LDR              R0, =Config
  239 00000006 4780            BLX              R0
  240 00000008 4840            LDR              R0, =main
  241 0000000A 4700            BX               R0
  242 0000000C                 ENDP
  243 0000000C         
  244 0000000C         
  245 0000000C         ; Dummy Exception Handlers (infinite loops which can be 
                       modified)
  246 0000000C         
  247 0000000C         NMI_Handler
                               PROC
  248 0000000C                 EXPORT           NMI_Handler               [WEAK
]
  249 0000000C E7FE            B                .
  250 0000000E                 ENDP
  252 0000000E         HardFault_Handler
                               PROC
  253 0000000E                 EXPORT           HardFault_Handler         [WEAK
]
  254 0000000E E7FE            B                .
  255 00000010                 ENDP
  257 00000010         MemManage_Handler
                               PROC



ARM Macro Assembler    Page 8 


  258 00000010                 EXPORT           MemManage_Handler         [WEAK
]
  259 00000010 E7FE            B                .
  260 00000012                 ENDP
  262 00000012         BusFault_Handler
                               PROC
  263 00000012                 EXPORT           BusFault_Handler          [WEAK
]
  264 00000012 E7FE            B                .
  265 00000014                 ENDP
  267 00000014         UsageFault_Handler
                               PROC
  268 00000014                 EXPORT           UsageFault_Handler        [WEAK
]
  269 00000014 E7FE            B                .
  270 00000016                 ENDP
  271 00000016         SVC_Handler
                               PROC
  272 00000016                 EXPORT           SVC_Handler               [WEAK
]
  273 00000016 E7FE            B                .
  274 00000018                 ENDP
  276 00000018         DebugMon_Handler
                               PROC
  277 00000018                 EXPORT           DebugMon_Handler          [WEAK
]
  278 00000018 E7FE            B                .
  279 0000001A                 ENDP
  281 0000001A         PendSV_Handler
                               PROC
  282 0000001A                 EXPORT           PendSV_Handler            [WEAK
]
  283 0000001A E7FE            B                .
  284 0000001C                 ENDP
  286 0000001C         SysTick_Handler
                               PROC
  287 0000001C                 EXPORT           SysTick_Handler           [WEAK
]
  288 0000001C E7FE            B                .
  289 0000001E                 ENDP
  290 0000001E         
  292 0000001E         GPIOA_Handler
                               PROC
  293 0000001E                 EXPORT           GPIOA_Handler [WEAK]
  294 0000001E E7FE            B                .
  295 00000020                 ENDP
  296 00000020         
  298 00000020         GPIOB_Handler
                               PROC
  299 00000020                 EXPORT           GPIOB_Handler [WEAK]
  300 00000020 E7FE            B                .
  301 00000022                 ENDP
  302 00000022         
  304 00000022         GPIOC_Handler
                               PROC
  305 00000022                 EXPORT           GPIOC_Handler [WEAK]
  306 00000022 E7FE            B                .
  307 00000024                 ENDP
  308 00000024         



ARM Macro Assembler    Page 9 


  310 00000024         GPIOD_Handler
                               PROC
  311 00000024                 EXPORT           GPIOD_Handler [WEAK]
  312 00000024 E7FE            B                .
  313 00000026                 ENDP
  314 00000026         
  316 00000026         GPIOE_Handler
                               PROC
  317 00000026                 EXPORT           GPIOE_Handler [WEAK]
  318 00000026 E7FE            B                .
  319 00000028                 ENDP
  320 00000028         
  322 00000028         UART0_Handler
                               PROC
  323 00000028                 EXPORT           UART0_Handler [WEAK]
  324 00000028 E7FE            B                .
  325 0000002A                 ENDP
  326 0000002A         
  328 0000002A         UART1_Handler
                               PROC
  329 0000002A                 EXPORT           UART1_Handler [WEAK]
  330 0000002A E7FE            B                .
  331 0000002C                 ENDP
  332 0000002C         
  334 0000002C         SSI0_Handler
                               PROC
  335 0000002C                 EXPORT           SSI0_Handler [WEAK]
  336 0000002C E7FE            B                .
  337 0000002E                 ENDP
  338 0000002E         
  340 0000002E         I2C0_Handler
                               PROC
  341 0000002E                 EXPORT           I2C0_Handler [WEAK]
  342 0000002E E7FE            B                .
  343 00000030                 ENDP
  344 00000030         
  346 00000030         PMW0_FAULT_Handler
                               PROC
  347 00000030                 EXPORT           PMW0_FAULT_Handler [WEAK]
  348 00000030 E7FE            B                .
  349 00000032                 ENDP
  350 00000032         
  352 00000032         PWM0_0_Handler
                               PROC
  353 00000032                 EXPORT           PWM0_0_Handler [WEAK]
  354 00000032 E7FE            B                .
  355 00000034                 ENDP
  356 00000034         
  358 00000034         PWM0_1_Handler
                               PROC
  359 00000034                 EXPORT           PWM0_1_Handler [WEAK]
  360 00000034 E7FE            B                .
  361 00000036                 ENDP
  362 00000036         
  364 00000036         PWM0_2_Handler
                               PROC
  365 00000036                 EXPORT           PWM0_2_Handler [WEAK]
  366 00000036 E7FE            B                .
  367 00000038                 ENDP



ARM Macro Assembler    Page 10 


  368 00000038         
  370 00000038         QEI0_Handler
                               PROC
  371 00000038                 EXPORT           QEI0_Handler [WEAK]
  372 00000038 E7FE            B                .
  373 0000003A                 ENDP
  374 0000003A         
  376 0000003A         ADC0SS0_Handler
                               PROC
  377 0000003A                 EXPORT           ADC0SS0_Handler [WEAK]
  378 0000003A E7FE            B                .
  379 0000003C                 ENDP
  380 0000003C         
  382 0000003C         ADC0SS1_Handler
                               PROC
  383 0000003C                 EXPORT           ADC0SS1_Handler [WEAK]
  384 0000003C E7FE            B                .
  385 0000003E                 ENDP
  386 0000003E         
  388 0000003E         ADC0SS2_Handler
                               PROC
  389 0000003E                 EXPORT           ADC0SS2_Handler [WEAK]
  390 0000003E E7FE            B                .
  391 00000040                 ENDP
  392 00000040         
  394 00000040         ADC0SS3_Handler
                               PROC
  395 00000040                 EXPORT           ADC0SS3_Handler [WEAK]
  396 00000040 E7FE            B                .
  397 00000042                 ENDP
  398 00000042         
  400 00000042         WDT0_Handler
                               PROC
  401 00000042                 EXPORT           WDT0_Handler [WEAK]
  402 00000042 E7FE            B                .
  403 00000044                 ENDP
  404 00000044         
  406 00000044         TIMER0A_Handler
                               PROC
  407 00000044                 EXPORT           TIMER0A_Handler [WEAK]
  408 00000044 E7FE            B                .
  409 00000046                 ENDP
  410 00000046         
  412 00000046         TIMER0B_Handler
                               PROC
  413 00000046                 EXPORT           TIMER0B_Handler [WEAK]
  414 00000046 E7FE            B                .
  415 00000048                 ENDP
  416 00000048         
  418 00000048         TIMER1A_Handler
                               PROC
  419 00000048                 EXPORT           TIMER1A_Handler [WEAK]
  420 00000048 E7FE            B                .
  421 0000004A                 ENDP
  422 0000004A         
  424 0000004A         TIMER1B_Handler
                               PROC
  425 0000004A                 EXPORT           TIMER1B_Handler [WEAK]
  426 0000004A E7FE            B                .



ARM Macro Assembler    Page 11 


  427 0000004C                 ENDP
  428 0000004C         
  430 0000004C         TIMER2A_Handler
                               PROC
  431 0000004C                 EXPORT           TIMER2A_Handler [WEAK]
  432 0000004C E7FE            B                .
  433 0000004E                 ENDP
  434 0000004E         
  436 0000004E         TIMER2B_Handler
                               PROC
  437 0000004E                 EXPORT           TIMER2B_Handler [WEAK]
  438 0000004E E7FE            B                .
  439 00000050                 ENDP
  440 00000050         
  442 00000050         COMP0_Handler
                               PROC
  443 00000050                 EXPORT           COMP0_Handler [WEAK]
  444 00000050 E7FE            B                .
  445 00000052                 ENDP
  446 00000052         
  448 00000052         COMP1_Handler
                               PROC
  449 00000052                 EXPORT           COMP1_Handler [WEAK]
  450 00000052 E7FE            B                .
  451 00000054                 ENDP
  452 00000054         
  454 00000054         COMP2_Handler
                               PROC
  455 00000054                 EXPORT           COMP2_Handler [WEAK]
  456 00000054 E7FE            B                .
  457 00000056                 ENDP
  458 00000056         
  460 00000056         SYSCTL_Handler
                               PROC
  461 00000056                 EXPORT           SYSCTL_Handler [WEAK]
  462 00000056 E7FE            B                .
  463 00000058                 ENDP
  464 00000058         
  466 00000058         FLASH_Handler
                               PROC
  467 00000058                 EXPORT           FLASH_Handler [WEAK]
  468 00000058 E7FE            B                .
  469 0000005A                 ENDP
  470 0000005A         
  472 0000005A         GPIOF_Handler
                               PROC
  473 0000005A                 EXPORT           GPIOF_Handler [WEAK]
  474 0000005A E7FE            B                .
  475 0000005C                 ENDP
  476 0000005C         
  478 0000005C         GPIOG_Handler
                               PROC
  479 0000005C                 EXPORT           GPIOG_Handler [WEAK]
  480 0000005C E7FE            B                .
  481 0000005E                 ENDP
  482 0000005E         
  484 0000005E         GPIOH_Handler
                               PROC
  485 0000005E                 EXPORT           GPIOH_Handler [WEAK]



ARM Macro Assembler    Page 12 


  486 0000005E E7FE            B                .
  487 00000060                 ENDP
  488 00000060         
  490 00000060         UART2_Handler
                               PROC
  491 00000060                 EXPORT           UART2_Handler [WEAK]
  492 00000060 E7FE            B                .
  493 00000062                 ENDP
  494 00000062         
  496 00000062         SSI1_Handler
                               PROC
  497 00000062                 EXPORT           SSI1_Handler [WEAK]
  498 00000062 E7FE            B                .
  499 00000064                 ENDP
  500 00000064         
  502 00000064         TIMER3A_Handler
                               PROC
  503 00000064                 EXPORT           TIMER3A_Handler [WEAK]
  504 00000064 E7FE            B                .
  505 00000066                 ENDP
  506 00000066         
  508 00000066         TIMER3B_Handler
                               PROC
  509 00000066                 EXPORT           TIMER3B_Handler [WEAK]
  510 00000066 E7FE            B                .
  511 00000068                 ENDP
  512 00000068         
  514 00000068         I2C1_Handler
                               PROC
  515 00000068                 EXPORT           I2C1_Handler [WEAK]
  516 00000068 E7FE            B                .
  517 0000006A                 ENDP
  518 0000006A         
  520 0000006A         QEI1_Handler
                               PROC
  521 0000006A                 EXPORT           QEI1_Handler [WEAK]
  522 0000006A E7FE            B                .
  523 0000006C                 ENDP
  524 0000006C         
  526 0000006C         CAN0_Handler
                               PROC
  527 0000006C                 EXPORT           CAN0_Handler [WEAK]
  528 0000006C E7FE            B                .
  529 0000006E                 ENDP
  530 0000006E         
  532 0000006E         CAN1_Handler
                               PROC
  533 0000006E                 EXPORT           CAN1_Handler [WEAK]
  534 0000006E E7FE            B                .
  535 00000070                 ENDP
  536 00000070         
  538 00000070         CAN2_Handler
                               PROC
  539 00000070                 EXPORT           CAN2_Handler [WEAK]
  540 00000070 E7FE            B                .
  541 00000072                 ENDP
  542 00000072         
  544 00000072         HIB_Handler
                               PROC



ARM Macro Assembler    Page 13 


  545 00000072                 EXPORT           HIB_Handler [WEAK]
  546 00000072 E7FE            B                .
  547 00000074                 ENDP
  548 00000074         
  550 00000074         USB0_Handler
                               PROC
  551 00000074                 EXPORT           USB0_Handler [WEAK]
  552 00000074 E7FE            B                .
  553 00000076                 ENDP
  554 00000076         
  556 00000076         PWM0_3_Handler
                               PROC
  557 00000076                 EXPORT           PWM0_3_Handler [WEAK]
  558 00000076 E7FE            B                .
  559 00000078                 ENDP
  560 00000078         
  562 00000078         UDMA_Handler
                               PROC
  563 00000078                 EXPORT           UDMA_Handler [WEAK]
  564 00000078 E7FE            B                .
  565 0000007A                 ENDP
  566 0000007A         
  568 0000007A         UDMAERR_Handler
                               PROC
  569 0000007A                 EXPORT           UDMAERR_Handler [WEAK]
  570 0000007A E7FE            B                .
  571 0000007C                 ENDP
  572 0000007C         
  574 0000007C         ADC1SS0_Handler
                               PROC
  575 0000007C                 EXPORT           ADC1SS0_Handler [WEAK]
  576 0000007C E7FE            B                .
  577 0000007E                 ENDP
  578 0000007E         
  580 0000007E         ADC1SS1_Handler
                               PROC
  581 0000007E                 EXPORT           ADC1SS1_Handler [WEAK]
  582 0000007E E7FE            B                .
  583 00000080                 ENDP
  584 00000080         
  586 00000080         ADC1SS2_Handler
                               PROC
  587 00000080                 EXPORT           ADC1SS2_Handler [WEAK]
  588 00000080 E7FE            B                .
  589 00000082                 ENDP
  590 00000082         
  592 00000082         ADC1SS3_Handler
                               PROC
  593 00000082                 EXPORT           ADC1SS3_Handler [WEAK]
  594 00000082 E7FE            B                .
  595 00000084                 ENDP
  596 00000084         
  598 00000084         GPIOJ_Handler
                               PROC
  599 00000084                 EXPORT           GPIOJ_Handler [WEAK]
  600 00000084 E7FE            B                .
  601 00000086                 ENDP
  602 00000086         
  604 00000086         GPIOK_Handler



ARM Macro Assembler    Page 14 


                               PROC
  605 00000086                 EXPORT           GPIOK_Handler [WEAK]
  606 00000086 E7FE            B                .
  607 00000088                 ENDP
  608 00000088         
  610 00000088         GPIOL_Handler
                               PROC
  611 00000088                 EXPORT           GPIOL_Handler [WEAK]
  612 00000088 E7FE            B                .
  613 0000008A                 ENDP
  614 0000008A         
  616 0000008A         SSI2_Handler
                               PROC
  617 0000008A                 EXPORT           SSI2_Handler [WEAK]
  618 0000008A E7FE            B                .
  619 0000008C                 ENDP
  620 0000008C         
  622 0000008C         SSI3_Handler
                               PROC
  623 0000008C                 EXPORT           SSI3_Handler [WEAK]
  624 0000008C E7FE            B                .
  625 0000008E                 ENDP
  626 0000008E         
  628 0000008E         UART3_Handler
                               PROC
  629 0000008E                 EXPORT           UART3_Handler [WEAK]
  630 0000008E E7FE            B                .
  631 00000090                 ENDP
  632 00000090         
  634 00000090         UART4_Handler
                               PROC
  635 00000090                 EXPORT           UART4_Handler [WEAK]
  636 00000090 E7FE            B                .
  637 00000092                 ENDP
  638 00000092         
  640 00000092         UART5_Handler
                               PROC
  641 00000092                 EXPORT           UART5_Handler [WEAK]
  642 00000092 E7FE            B                .
  643 00000094                 ENDP
  644 00000094         
  646 00000094         UART6_Handler
                               PROC
  647 00000094                 EXPORT           UART6_Handler [WEAK]
  648 00000094 E7FE            B                .
  649 00000096                 ENDP
  650 00000096         
  652 00000096         UART7_Handler
                               PROC
  653 00000096                 EXPORT           UART7_Handler [WEAK]
  654 00000096 E7FE            B                .
  655 00000098                 ENDP
  656 00000098         
  658 00000098         I2C2_Handler
                               PROC
  659 00000098                 EXPORT           I2C2_Handler [WEAK]
  660 00000098 E7FE            B                .
  661 0000009A                 ENDP
  662 0000009A         



ARM Macro Assembler    Page 15 


  664 0000009A         I2C3_Handler
                               PROC
  665 0000009A                 EXPORT           I2C3_Handler [WEAK]
  666 0000009A E7FE            B                .
  667 0000009C                 ENDP
  668 0000009C         
  670 0000009C         TIMER4A_Handler
                               PROC
  671 0000009C                 EXPORT           TIMER4A_Handler [WEAK]
  672 0000009C E7FE            B                .
  673 0000009E                 ENDP
  674 0000009E         
  676 0000009E         TIMER4B_Handler
                               PROC
  677 0000009E                 EXPORT           TIMER4B_Handler [WEAK]
  678 0000009E E7FE            B                .
  679 000000A0                 ENDP
  680 000000A0         
  682 000000A0         TIMER5A_Handler
                               PROC
  683 000000A0                 EXPORT           TIMER5A_Handler [WEAK]
  684 000000A0 E7FE            B                .
  685 000000A2                 ENDP
  686 000000A2         
  688 000000A2         TIMER5B_Handler
                               PROC
  689 000000A2                 EXPORT           TIMER5B_Handler [WEAK]
  690 000000A2 E7FE            B                .
  691 000000A4                 ENDP
  692 000000A4         
  694 000000A4         WTIMER0A_Handler
                               PROC
  695 000000A4                 EXPORT           WTIMER0A_Handler [WEAK]
  696 000000A4 E7FE            B                .
  697 000000A6                 ENDP
  698 000000A6         
  700 000000A6         WTIMER0B_Handler
                               PROC
  701 000000A6                 EXPORT           WTIMER0B_Handler [WEAK]
  702 000000A6 E7FE            B                .
  703 000000A8                 ENDP
  704 000000A8         
  706 000000A8         WTIMER1A_Handler
                               PROC
  707 000000A8                 EXPORT           WTIMER1A_Handler [WEAK]
  708 000000A8 E7FE            B                .
  709 000000AA                 ENDP
  710 000000AA         
  712 000000AA         WTIMER1B_Handler
                               PROC
  713 000000AA                 EXPORT           WTIMER1B_Handler [WEAK]
  714 000000AA E7FE            B                .
  715 000000AC                 ENDP
  716 000000AC         
  718 000000AC         WTIMER2A_Handler
                               PROC
  719 000000AC                 EXPORT           WTIMER2A_Handler [WEAK]
  720 000000AC E7FE            B                .
  721 000000AE                 ENDP



ARM Macro Assembler    Page 16 


  722 000000AE         
  724 000000AE         WTIMER2B_Handler
                               PROC
  725 000000AE                 EXPORT           WTIMER2B_Handler [WEAK]
  726 000000AE E7FE            B                .
  727 000000B0                 ENDP
  728 000000B0         
  730 000000B0         WTIMER3A_Handler
                               PROC
  731 000000B0                 EXPORT           WTIMER3A_Handler [WEAK]
  732 000000B0 E7FE            B                .
  733 000000B2                 ENDP
  734 000000B2         
  736 000000B2         WTIMER3B_Handler
                               PROC
  737 000000B2                 EXPORT           WTIMER3B_Handler [WEAK]
  738 000000B2 E7FE            B                .
  739 000000B4                 ENDP
  740 000000B4         
  742 000000B4         WTIMER4A_Handler
                               PROC
  743 000000B4                 EXPORT           WTIMER4A_Handler [WEAK]
  744 000000B4 E7FE            B                .
  745 000000B6                 ENDP
  746 000000B6         
  748 000000B6         WTIMER4B_Handler
                               PROC
  749 000000B6                 EXPORT           WTIMER4B_Handler [WEAK]
  750 000000B6 E7FE            B                .
  751 000000B8                 ENDP
  752 000000B8         
  754 000000B8         WTIMER5A_Handler
                               PROC
  755 000000B8                 EXPORT           WTIMER5A_Handler [WEAK]
  756 000000B8 E7FE            B                .
  757 000000BA                 ENDP
  758 000000BA         
  760 000000BA         WTIMER5B_Handler
                               PROC
  761 000000BA                 EXPORT           WTIMER5B_Handler [WEAK]
  762 000000BA E7FE            B                .
  763 000000BC                 ENDP
  764 000000BC         
  766 000000BC         FPU_Handler
                               PROC
  767 000000BC                 EXPORT           FPU_Handler [WEAK]
  768 000000BC E7FE            B                .
  769 000000BE                 ENDP
  770 000000BE         
  772 000000BE         I2C4_Handler
                               PROC
  773 000000BE                 EXPORT           I2C4_Handler [WEAK]
  774 000000BE E7FE            B                .
  775 000000C0                 ENDP
  776 000000C0         
  778 000000C0         I2C5_Handler
                               PROC
  779 000000C0                 EXPORT           I2C5_Handler [WEAK]
  780 000000C0 E7FE            B                .



ARM Macro Assembler    Page 17 


  781 000000C2                 ENDP
  782 000000C2         
  784 000000C2         GPIOM_Handler
                               PROC
  785 000000C2                 EXPORT           GPIOM_Handler [WEAK]
  786 000000C2 E7FE            B                .
  787 000000C4                 ENDP
  788 000000C4         
  790 000000C4         GPION_Handler
                               PROC
  791 000000C4                 EXPORT           GPION_Handler [WEAK]
  792 000000C4 E7FE            B                .
  793 000000C6                 ENDP
  794 000000C6         
  796 000000C6         QEI2_Handler
                               PROC
  797 000000C6                 EXPORT           QEI2_Handler [WEAK]
  798 000000C6 E7FE            B                .
  799 000000C8                 ENDP
  800 000000C8         
  802 000000C8         GPIOP0_Handler
                               PROC
  803 000000C8                 EXPORT           GPIOP0_Handler [WEAK]
  804 000000C8 E7FE            B                .
  805 000000CA                 ENDP
  806 000000CA         
  808 000000CA         GPIOP1_Handler
                               PROC
  809 000000CA                 EXPORT           GPIOP1_Handler [WEAK]
  810 000000CA E7FE            B                .
  811 000000CC                 ENDP
  812 000000CC         
  814 000000CC         GPIOP2_Handler
                               PROC
  815 000000CC                 EXPORT           GPIOP2_Handler [WEAK]
  816 000000CC E7FE            B                .
  817 000000CE                 ENDP
  818 000000CE         
  820 000000CE         GPIOP3_Handler
                               PROC
  821 000000CE                 EXPORT           GPIOP3_Handler [WEAK]
  822 000000CE E7FE            B                .
  823 000000D0                 ENDP
  824 000000D0         
  826 000000D0         GPIOP4_Handler
                               PROC
  827 000000D0                 EXPORT           GPIOP4_Handler [WEAK]
  828 000000D0 E7FE            B                .
  829 000000D2                 ENDP
  830 000000D2         
  832 000000D2         GPIOP5_Handler
                               PROC
  833 000000D2                 EXPORT           GPIOP5_Handler [WEAK]
  834 000000D2 E7FE            B                .
  835 000000D4                 ENDP
  836 000000D4         
  838 000000D4         GPIOP6_Handler
                               PROC
  839 000000D4                 EXPORT           GPIOP6_Handler [WEAK]



ARM Macro Assembler    Page 18 


  840 000000D4 E7FE            B                .
  841 000000D6                 ENDP
  842 000000D6         
  844 000000D6         GPIOP7_Handler
                               PROC
  845 000000D6                 EXPORT           GPIOP7_Handler [WEAK]
  846 000000D6 E7FE            B                .
  847 000000D8                 ENDP
  848 000000D8         
  850 000000D8         GPIOQ0_Handler
                               PROC
  851 000000D8                 EXPORT           GPIOQ0_Handler [WEAK]
  852 000000D8 E7FE            B                .
  853 000000DA                 ENDP
  854 000000DA         
  856 000000DA         GPIOQ1_Handler
                               PROC
  857 000000DA                 EXPORT           GPIOQ1_Handler [WEAK]
  858 000000DA E7FE            B                .
  859 000000DC                 ENDP
  860 000000DC         
  862 000000DC         GPIOQ2_Handler
                               PROC
  863 000000DC                 EXPORT           GPIOQ2_Handler [WEAK]
  864 000000DC E7FE            B                .
  865 000000DE                 ENDP
  866 000000DE         
  868 000000DE         GPIOQ3_Handler
                               PROC
  869 000000DE                 EXPORT           GPIOQ3_Handler [WEAK]
  870 000000DE E7FE            B                .
  871 000000E0                 ENDP
  872 000000E0         
  874 000000E0         GPIOQ4_Handler
                               PROC
  875 000000E0                 EXPORT           GPIOQ4_Handler [WEAK]
  876 000000E0 E7FE            B                .
  877 000000E2                 ENDP
  878 000000E2         
  880 000000E2         GPIOQ5_Handler
                               PROC
  881 000000E2                 EXPORT           GPIOQ5_Handler [WEAK]
  882 000000E2 E7FE            B                .
  883 000000E4                 ENDP
  884 000000E4         
  886 000000E4         GPIOQ6_Handler
                               PROC
  887 000000E4                 EXPORT           GPIOQ6_Handler [WEAK]
  888 000000E4 E7FE            B                .
  889 000000E6                 ENDP
  890 000000E6         
  892 000000E6         GPIOQ7_Handler
                               PROC
  893 000000E6                 EXPORT           GPIOQ7_Handler [WEAK]
  894 000000E6 E7FE            B                .
  895 000000E8                 ENDP
  896 000000E8         
  898 000000E8         GPIOR_Handler
                               PROC



ARM Macro Assembler    Page 19 


  899 000000E8                 EXPORT           GPIOR_Handler [WEAK]
  900 000000E8 E7FE            B                .
  901 000000EA                 ENDP
  902 000000EA         
  904 000000EA         GPIOS_Handler
                               PROC
  905 000000EA                 EXPORT           GPIOS_Handler [WEAK]
  906 000000EA E7FE            B                .
  907 000000EC                 ENDP
  908 000000EC         
  910 000000EC         PMW1_0_Handler
                               PROC
  911 000000EC                 EXPORT           PMW1_0_Handler [WEAK]
  912 000000EC E7FE            B                .
  913 000000EE                 ENDP
  914 000000EE         
  916 000000EE         PWM1_1_Handler
                               PROC
  917 000000EE                 EXPORT           PWM1_1_Handler [WEAK]
  918 000000EE E7FE            B                .
  919 000000F0                 ENDP
  920 000000F0         
  922 000000F0         PWM1_2_Handler
                               PROC
  923 000000F0                 EXPORT           PWM1_2_Handler [WEAK]
  924 000000F0 E7FE            B                .
  925 000000F2                 ENDP
  926 000000F2         
  928 000000F2         PWM1_3_Handler
                               PROC
  929 000000F2                 EXPORT           PWM1_3_Handler [WEAK]
  930 000000F2 E7FE            B                .
  931 000000F4                 ENDP
  932 000000F4         
  934 000000F4         PWM1_FAULT_Handler
                               PROC
  935 000000F4                 EXPORT           PWM1_FAULT_Handler [WEAK]
  936 000000F4 E7FE            B                .
  937 000000F6                 ENDP
  938 000000F6         
  939 000000F6 00 00           ALIGN
  940 000000F8         
  941 000000F8         
  942 000000F8         ; User Initial Stack & Heap
  943 000000F8         
  944 000000F8                 IF               :DEF:__MICROLIB
  951 000000F8         
  952 000000F8                 IMPORT           __use_two_region_memory
  953 000000F8                 EXPORT           __user_initial_stackheap
  954 000000F8         __user_initial_stackheap
  955 000000F8         
  956 000000F8 4805            LDR              R0, =  Heap_Mem
  957 000000FA 4906            LDR              R1, =(Stack_Mem + Stack_Size)
  958 000000FC 4A04            LDR              R2, = (Heap_Mem +  Heap_Size)
  959 000000FE 4B06            LDR              R3, = Stack_Mem
  960 00000100 4770            BX               LR
  961 00000102         
  962 00000102 00 00           ALIGN
  963 00000104         



ARM Macro Assembler    Page 20 


  964 00000104                 ENDIF
  965 00000104         
  966 00000104         
  967 00000104                 END
              00000000 
              00000000 
              00000000 
              00000000 
              00000200 
              00000000 
Command Line: --debug --xref --diag_suppress=9931 --cpu=Cortex-M4.fp.sp --apcs=
interwork --depend=.\objects\startup_tm4c123.d -o.\objects\startup_tm4c123.o -I
.\RTE\_TM4C123GH6PM -IC:\Users\mahmo\AppData\Local\Arm\Packs\ARM\CMSIS\5.7.0\CM
SIS\Core\Include -IC:\Users\mahmo\AppData\Local\Arm\Packs\Keil\TM4C_DFP\1.1.0\D
evice\Include\TM4C123 --predefine="__EVAL SETA 1" --predefine="__UVISION_VERSIO
N SETA 529" --predefine="_RTE_ SETA 1" --predefine="TM4C123GH6PM SETA 1" --list
=.\listings\startup_tm4c123.lst RTE\Device\TM4C123GH6PM\startup_TM4C123.s



ARM Macro Assembler    Page 1 Alphabetic symbol ordering
Relocatable symbols

STACK 00000000

Symbol: STACK
   Definitions
      At line 35 in file RTE\Device\TM4C123GH6PM\startup_TM4C123.s
   Uses
      None
Comment: STACK unused
Stack_Mem 00000000

Symbol: Stack_Mem
   Definitions
      At line 36 in file RTE\Device\TM4C123GH6PM\startup_TM4C123.s
   Uses
      At line 957 in file RTE\Device\TM4C123GH6PM\startup_TM4C123.s
      At line 959 in file RTE\Device\TM4C123GH6PM\startup_TM4C123.s

__initial_sp 00000200

Symbol: __initial_sp
   Definitions
      At line 37 in file RTE\Device\TM4C123GH6PM\startup_TM4C123.s
   Uses
      At line 63 in file RTE\Device\TM4C123GH6PM\startup_TM4C123.s
Comment: __initial_sp used once
3 symbols



ARM Macro Assembler    Page 1 Alphabetic symbol ordering
Relocatable symbols

HEAP 00000000

Symbol: HEAP
   Definitions
      At line 46 in file RTE\Device\TM4C123GH6PM\startup_TM4C123.s
   Uses
      None
Comment: HEAP unused
Heap_Mem 00000000

Symbol: Heap_Mem
   Definitions
      At line 48 in file RTE\Device\TM4C123GH6PM\startup_TM4C123.s
   Uses
      At line 956 in file RTE\Device\TM4C123GH6PM\startup_TM4C123.s
      At line 958 in file RTE\Device\TM4C123GH6PM\startup_TM4C123.s

__heap_base 00000000

Symbol: __heap_base
   Definitions
      At line 47 in file RTE\Device\TM4C123GH6PM\startup_TM4C123.s
   Uses
      None
Comment: __heap_base unused
__heap_limit 00000000

Symbol: __heap_limit
   Definitions
      At line 49 in file RTE\Device\TM4C123GH6PM\startup_TM4C123.s
   Uses
      None
Comment: __heap_limit unused
4 symbols



ARM Macro Assembler    Page 1 Alphabetic symbol ordering
Relocatable symbols

RESET 00000000

Symbol: RESET
   Definitions
      At line 58 in file RTE\Device\TM4C123GH6PM\startup_TM4C123.s
   Uses
      None
Comment: RESET unused
__Vectors 00000000

Symbol: __Vectors
   Definitions
      At line 63 in file RTE\Device\TM4C123GH6PM\startup_TM4C123.s
   Uses
      At line 59 in file RTE\Device\TM4C123GH6PM\startup_TM4C123.s
      At line 224 in file RTE\Device\TM4C123GH6PM\startup_TM4C123.s

__Vectors_End 0000026C

Symbol: __Vectors_End
   Definitions
      At line 222 in file RTE\Device\TM4C123GH6PM\startup_TM4C123.s
   Uses
      At line 60 in file RTE\Device\TM4C123GH6PM\startup_TM4C123.s
      At line 224 in file RTE\Device\TM4C123GH6PM\startup_TM4C123.s

3 symbols



ARM Macro Assembler    Page 1 Alphabetic symbol ordering
Relocatable symbols

.text 00000000

Symbol: .text
   Definitions
      At line 226 in file RTE\Device\TM4C123GH6PM\startup_TM4C123.s
   Uses
      None
Comment: .text unused
ADC0SS0_Handler 0000003A

Symbol: ADC0SS0_Handler
   Definitions
      At line 376 in file RTE\Device\TM4C123GH6PM\startup_TM4C123.s
   Uses
      At line 96 in file RTE\Device\TM4C123GH6PM\startup_TM4C123.s
      At line 377 in file RTE\Device\TM4C123GH6PM\startup_TM4C123.s

ADC0SS1_Handler 0000003C

Symbol: ADC0SS1_Handler
   Definitions
      At line 382 in file RTE\Device\TM4C123GH6PM\startup_TM4C123.s
   Uses
      At line 97 in file RTE\Device\TM4C123GH6PM\startup_TM4C123.s
      At line 383 in file RTE\Device\TM4C123GH6PM\startup_TM4C123.s

ADC0SS2_Handler 0000003E

Symbol: ADC0SS2_Handler
   Definitions
      At line 388 in file RTE\Device\TM4C123GH6PM\startup_TM4C123.s
   Uses
      At line 98 in file RTE\Device\TM4C123GH6PM\startup_TM4C123.s
      At line 389 in file RTE\Device\TM4C123GH6PM\startup_TM4C123.s

ADC0SS3_Handler 00000040

Symbol: ADC0SS3_Handler
   Definitions
      At line 394 in file RTE\Device\TM4C123GH6PM\startup_TM4C123.s
   Uses
      At line 99 in file RTE\Device\TM4C123GH6PM\startup_TM4C123.s
      At line 395 in file RTE\Device\TM4C123GH6PM\startup_TM4C123.s

ADC1SS0_Handler 0000007C

Symbol: ADC1SS0_Handler
   Definitions
      At line 574 in file RTE\Device\TM4C123GH6PM\startup_TM4C123.s
   Uses
      At line 130 in file RTE\Device\TM4C123GH6PM\startup_TM4C123.s
      At line 575 in file RTE\Device\TM4C123GH6PM\startup_TM4C123.s

ADC1SS1_Handler 0000007E

Symbol: ADC1SS1_Handler
   Definitions
      At line 580 in file RTE\Device\TM4C123GH6PM\startup_TM4C123.s
   Uses



ARM Macro Assembler    Page 2 Alphabetic symbol ordering
Relocatable symbols

      At line 131 in file RTE\Device\TM4C123GH6PM\startup_TM4C123.s
      At line 581 in file RTE\Device\TM4C123GH6PM\startup_TM4C123.s

ADC1SS2_Handler 00000080

Symbol: ADC1SS2_Handler
   Definitions
      At line 586 in file RTE\Device\TM4C123GH6PM\startup_TM4C123.s
   Uses
      At line 132 in file RTE\Device\TM4C123GH6PM\startup_TM4C123.s
      At line 587 in file RTE\Device\TM4C123GH6PM\startup_TM4C123.s

ADC1SS3_Handler 00000082

Symbol: ADC1SS3_Handler
   Definitions
      At line 592 in file RTE\Device\TM4C123GH6PM\startup_TM4C123.s
   Uses
      At line 133 in file RTE\Device\TM4C123GH6PM\startup_TM4C123.s
      At line 593 in file RTE\Device\TM4C123GH6PM\startup_TM4C123.s

BusFault_Handler 00000012

Symbol: BusFault_Handler
   Definitions
      At line 262 in file RTE\Device\TM4C123GH6PM\startup_TM4C123.s
   Uses
      At line 68 in file RTE\Device\TM4C123GH6PM\startup_TM4C123.s
      At line 263 in file RTE\Device\TM4C123GH6PM\startup_TM4C123.s

CAN0_Handler 0000006C

Symbol: CAN0_Handler
   Definitions
      At line 526 in file RTE\Device\TM4C123GH6PM\startup_TM4C123.s
   Uses
      At line 121 in file RTE\Device\TM4C123GH6PM\startup_TM4C123.s
      At line 527 in file RTE\Device\TM4C123GH6PM\startup_TM4C123.s

CAN1_Handler 0000006E

Symbol: CAN1_Handler
   Definitions
      At line 532 in file RTE\Device\TM4C123GH6PM\startup_TM4C123.s
   Uses
      At line 122 in file RTE\Device\TM4C123GH6PM\startup_TM4C123.s
      At line 533 in file RTE\Device\TM4C123GH6PM\startup_TM4C123.s

CAN2_Handler 00000070

Symbol: CAN2_Handler
   Definitions
      At line 538 in file RTE\Device\TM4C123GH6PM\startup_TM4C123.s
   Uses
      At line 123 in file RTE\Device\TM4C123GH6PM\startup_TM4C123.s
      At line 539 in file RTE\Device\TM4C123GH6PM\startup_TM4C123.s

COMP0_Handler 00000050




ARM Macro Assembler    Page 3 Alphabetic symbol ordering
Relocatable symbols

Symbol: COMP0_Handler
   Definitions
      At line 442 in file RTE\Device\TM4C123GH6PM\startup_TM4C123.s
   Uses
      At line 107 in file RTE\Device\TM4C123GH6PM\startup_TM4C123.s
      At line 443 in file RTE\Device\TM4C123GH6PM\startup_TM4C123.s

COMP1_Handler 00000052

Symbol: COMP1_Handler
   Definitions
      At line 448 in file RTE\Device\TM4C123GH6PM\startup_TM4C123.s
   Uses
      At line 108 in file RTE\Device\TM4C123GH6PM\startup_TM4C123.s
      At line 449 in file RTE\Device\TM4C123GH6PM\startup_TM4C123.s

COMP2_Handler 00000054

Symbol: COMP2_Handler
   Definitions
      At line 454 in file RTE\Device\TM4C123GH6PM\startup_TM4C123.s
   Uses
      At line 109 in file RTE\Device\TM4C123GH6PM\startup_TM4C123.s
      At line 455 in file RTE\Device\TM4C123GH6PM\startup_TM4C123.s

DebugMon_Handler 00000018

Symbol: DebugMon_Handler
   Definitions
      At line 276 in file RTE\Device\TM4C123GH6PM\startup_TM4C123.s
   Uses
      At line 75 in file RTE\Device\TM4C123GH6PM\startup_TM4C123.s
      At line 277 in file RTE\Device\TM4C123GH6PM\startup_TM4C123.s

FLASH_Handler 00000058

Symbol: FLASH_Handler
   Definitions
      At line 466 in file RTE\Device\TM4C123GH6PM\startup_TM4C123.s
   Uses
      At line 111 in file RTE\Device\TM4C123GH6PM\startup_TM4C123.s
      At line 467 in file RTE\Device\TM4C123GH6PM\startup_TM4C123.s

FPU_Handler 000000BC

Symbol: FPU_Handler
   Definitions
      At line 766 in file RTE\Device\TM4C123GH6PM\startup_TM4C123.s
   Uses
      At line 188 in file RTE\Device\TM4C123GH6PM\startup_TM4C123.s
      At line 767 in file RTE\Device\TM4C123GH6PM\startup_TM4C123.s

GPIOA_Handler 0000001E

Symbol: GPIOA_Handler
   Definitions
      At line 292 in file RTE\Device\TM4C123GH6PM\startup_TM4C123.s
   Uses
      At line 82 in file RTE\Device\TM4C123GH6PM\startup_TM4C123.s



ARM Macro Assembler    Page 4 Alphabetic symbol ordering
Relocatable symbols

      At line 293 in file RTE\Device\TM4C123GH6PM\startup_TM4C123.s

GPIOB_Handler 00000020

Symbol: GPIOB_Handler
   Definitions
      At line 298 in file RTE\Device\TM4C123GH6PM\startup_TM4C123.s
   Uses
      At line 83 in file RTE\Device\TM4C123GH6PM\startup_TM4C123.s
      At line 299 in file RTE\Device\TM4C123GH6PM\startup_TM4C123.s

GPIOC_Handler 00000022

Symbol: GPIOC_Handler
   Definitions
      At line 304 in file RTE\Device\TM4C123GH6PM\startup_TM4C123.s
   Uses
      At line 84 in file RTE\Device\TM4C123GH6PM\startup_TM4C123.s
      At line 305 in file RTE\Device\TM4C123GH6PM\startup_TM4C123.s

GPIOD_Handler 00000024

Symbol: GPIOD_Handler
   Definitions
      At line 310 in file RTE\Device\TM4C123GH6PM\startup_TM4C123.s
   Uses
      At line 85 in file RTE\Device\TM4C123GH6PM\startup_TM4C123.s
      At line 311 in file RTE\Device\TM4C123GH6PM\startup_TM4C123.s

GPIOE_Handler 00000026

Symbol: GPIOE_Handler
   Definitions
      At line 316 in file RTE\Device\TM4C123GH6PM\startup_TM4C123.s
   Uses
      At line 86 in file RTE\Device\TM4C123GH6PM\startup_TM4C123.s
      At line 317 in file RTE\Device\TM4C123GH6PM\startup_TM4C123.s

GPIOF_Handler 0000005A

Symbol: GPIOF_Handler
   Definitions
      At line 472 in file RTE\Device\TM4C123GH6PM\startup_TM4C123.s
   Uses
      At line 112 in file RTE\Device\TM4C123GH6PM\startup_TM4C123.s
      At line 473 in file RTE\Device\TM4C123GH6PM\startup_TM4C123.s

GPIOG_Handler 0000005C

Symbol: GPIOG_Handler
   Definitions
      At line 478 in file RTE\Device\TM4C123GH6PM\startup_TM4C123.s
   Uses
      At line 113 in file RTE\Device\TM4C123GH6PM\startup_TM4C123.s
      At line 479 in file RTE\Device\TM4C123GH6PM\startup_TM4C123.s

GPIOH_Handler 0000005E

Symbol: GPIOH_Handler



ARM Macro Assembler    Page 5 Alphabetic symbol ordering
Relocatable symbols

   Definitions
      At line 484 in file RTE\Device\TM4C123GH6PM\startup_TM4C123.s
   Uses
      At line 114 in file RTE\Device\TM4C123GH6PM\startup_TM4C123.s
      At line 485 in file RTE\Device\TM4C123GH6PM\startup_TM4C123.s

GPIOJ_Handler 00000084

Symbol: GPIOJ_Handler
   Definitions
      At line 598 in file RTE\Device\TM4C123GH6PM\startup_TM4C123.s
   Uses
      At line 136 in file RTE\Device\TM4C123GH6PM\startup_TM4C123.s
      At line 599 in file RTE\Device\TM4C123GH6PM\startup_TM4C123.s

GPIOK_Handler 00000086

Symbol: GPIOK_Handler
   Definitions
      At line 604 in file RTE\Device\TM4C123GH6PM\startup_TM4C123.s
   Uses
      At line 137 in file RTE\Device\TM4C123GH6PM\startup_TM4C123.s
      At line 605 in file RTE\Device\TM4C123GH6PM\startup_TM4C123.s

GPIOL_Handler 00000088

Symbol: GPIOL_Handler
   Definitions
      At line 610 in file RTE\Device\TM4C123GH6PM\startup_TM4C123.s
   Uses
      At line 138 in file RTE\Device\TM4C123GH6PM\startup_TM4C123.s
      At line 611 in file RTE\Device\TM4C123GH6PM\startup_TM4C123.s

GPIOM_Handler 000000C2

Symbol: GPIOM_Handler
   Definitions
      At line 784 in file RTE\Device\TM4C123GH6PM\startup_TM4C123.s
   Uses
      At line 193 in file RTE\Device\TM4C123GH6PM\startup_TM4C123.s
      At line 785 in file RTE\Device\TM4C123GH6PM\startup_TM4C123.s

GPION_Handler 000000C4

Symbol: GPION_Handler
   Definitions
      At line 790 in file RTE\Device\TM4C123GH6PM\startup_TM4C123.s
   Uses
      At line 194 in file RTE\Device\TM4C123GH6PM\startup_TM4C123.s
      At line 791 in file RTE\Device\TM4C123GH6PM\startup_TM4C123.s

GPIOP0_Handler 000000C8

Symbol: GPIOP0_Handler
   Definitions
      At line 802 in file RTE\Device\TM4C123GH6PM\startup_TM4C123.s
   Uses
      At line 198 in file RTE\Device\TM4C123GH6PM\startup_TM4C123.s
      At line 803 in file RTE\Device\TM4C123GH6PM\startup_TM4C123.s



ARM Macro Assembler    Page 6 Alphabetic symbol ordering
Relocatable symbols


GPIOP1_Handler 000000CA

Symbol: GPIOP1_Handler
   Definitions
      At line 808 in file RTE\Device\TM4C123GH6PM\startup_TM4C123.s
   Uses
      At line 199 in file RTE\Device\TM4C123GH6PM\startup_TM4C123.s
      At line 809 in file RTE\Device\TM4C123GH6PM\startup_TM4C123.s

GPIOP2_Handler 000000CC

Symbol: GPIOP2_Handler
   Definitions
      At line 814 in file RTE\Device\TM4C123GH6PM\startup_TM4C123.s
   Uses
      At line 200 in file RTE\Device\TM4C123GH6PM\startup_TM4C123.s
      At line 815 in file RTE\Device\TM4C123GH6PM\startup_TM4C123.s

GPIOP3_Handler 000000CE

Symbol: GPIOP3_Handler
   Definitions
      At line 820 in file RTE\Device\TM4C123GH6PM\startup_TM4C123.s
   Uses
      At line 201 in file RTE\Device\TM4C123GH6PM\startup_TM4C123.s
      At line 821 in file RTE\Device\TM4C123GH6PM\startup_TM4C123.s

GPIOP4_Handler 000000D0

Symbol: GPIOP4_Handler
   Definitions
      At line 826 in file RTE\Device\TM4C123GH6PM\startup_TM4C123.s
   Uses
      At line 202 in file RTE\Device\TM4C123GH6PM\startup_TM4C123.s
      At line 827 in file RTE\Device\TM4C123GH6PM\startup_TM4C123.s

GPIOP5_Handler 000000D2

Symbol: GPIOP5_Handler
   Definitions
      At line 832 in file RTE\Device\TM4C123GH6PM\startup_TM4C123.s
   Uses
      At line 203 in file RTE\Device\TM4C123GH6PM\startup_TM4C123.s
      At line 833 in file RTE\Device\TM4C123GH6PM\startup_TM4C123.s

GPIOP6_Handler 000000D4

Symbol: GPIOP6_Handler
   Definitions
      At line 838 in file RTE\Device\TM4C123GH6PM\startup_TM4C123.s
   Uses
      At line 204 in file RTE\Device\TM4C123GH6PM\startup_TM4C123.s
      At line 839 in file RTE\Device\TM4C123GH6PM\startup_TM4C123.s

GPIOP7_Handler 000000D6

Symbol: GPIOP7_Handler
   Definitions



ARM Macro Assembler    Page 7 Alphabetic symbol ordering
Relocatable symbols

      At line 844 in file RTE\Device\TM4C123GH6PM\startup_TM4C123.s
   Uses
      At line 205 in file RTE\Device\TM4C123GH6PM\startup_TM4C123.s
      At line 845 in file RTE\Device\TM4C123GH6PM\startup_TM4C123.s

GPIOQ0_Handler 000000D8

Symbol: GPIOQ0_Handler
   Definitions
      At line 850 in file RTE\Device\TM4C123GH6PM\startup_TM4C123.s
   Uses
      At line 206 in file RTE\Device\TM4C123GH6PM\startup_TM4C123.s
      At line 851 in file RTE\Device\TM4C123GH6PM\startup_TM4C123.s

GPIOQ1_Handler 000000DA

Symbol: GPIOQ1_Handler
   Definitions
      At line 856 in file RTE\Device\TM4C123GH6PM\startup_TM4C123.s
   Uses
      At line 207 in file RTE\Device\TM4C123GH6PM\startup_TM4C123.s
      At line 857 in file RTE\Device\TM4C123GH6PM\startup_TM4C123.s

GPIOQ2_Handler 000000DC

Symbol: GPIOQ2_Handler
   Definitions
      At line 862 in file RTE\Device\TM4C123GH6PM\startup_TM4C123.s
   Uses
      At line 208 in file RTE\Device\TM4C123GH6PM\startup_TM4C123.s
      At line 863 in file RTE\Device\TM4C123GH6PM\startup_TM4C123.s

GPIOQ3_Handler 000000DE

Symbol: GPIOQ3_Handler
   Definitions
      At line 868 in file RTE\Device\TM4C123GH6PM\startup_TM4C123.s
   Uses
      At line 209 in file RTE\Device\TM4C123GH6PM\startup_TM4C123.s
      At line 869 in file RTE\Device\TM4C123GH6PM\startup_TM4C123.s

GPIOQ4_Handler 000000E0

Symbol: GPIOQ4_Handler
   Definitions
      At line 874 in file RTE\Device\TM4C123GH6PM\startup_TM4C123.s
   Uses
      At line 210 in file RTE\Device\TM4C123GH6PM\startup_TM4C123.s
      At line 875 in file RTE\Device\TM4C123GH6PM\startup_TM4C123.s

GPIOQ5_Handler 000000E2

Symbol: GPIOQ5_Handler
   Definitions
      At line 880 in file RTE\Device\TM4C123GH6PM\startup_TM4C123.s
   Uses
      At line 211 in file RTE\Device\TM4C123GH6PM\startup_TM4C123.s
      At line 881 in file RTE\Device\TM4C123GH6PM\startup_TM4C123.s




ARM Macro Assembler    Page 8 Alphabetic symbol ordering
Relocatable symbols

GPIOQ6_Handler 000000E4

Symbol: GPIOQ6_Handler
   Definitions
      At line 886 in file RTE\Device\TM4C123GH6PM\startup_TM4C123.s
   Uses
      At line 212 in file RTE\Device\TM4C123GH6PM\startup_TM4C123.s
      At line 887 in file RTE\Device\TM4C123GH6PM\startup_TM4C123.s

GPIOQ7_Handler 000000E6

Symbol: GPIOQ7_Handler
   Definitions
      At line 892 in file RTE\Device\TM4C123GH6PM\startup_TM4C123.s
   Uses
      At line 213 in file RTE\Device\TM4C123GH6PM\startup_TM4C123.s
      At line 893 in file RTE\Device\TM4C123GH6PM\startup_TM4C123.s

GPIOR_Handler 000000E8

Symbol: GPIOR_Handler
   Definitions
      At line 898 in file RTE\Device\TM4C123GH6PM\startup_TM4C123.s
   Uses
      At line 214 in file RTE\Device\TM4C123GH6PM\startup_TM4C123.s
      At line 899 in file RTE\Device\TM4C123GH6PM\startup_TM4C123.s

GPIOS_Handler 000000EA

Symbol: GPIOS_Handler
   Definitions
      At line 904 in file RTE\Device\TM4C123GH6PM\startup_TM4C123.s
   Uses
      At line 215 in file RTE\Device\TM4C123GH6PM\startup_TM4C123.s
      At line 905 in file RTE\Device\TM4C123GH6PM\startup_TM4C123.s

HIB_Handler 00000072

Symbol: HIB_Handler
   Definitions
      At line 544 in file RTE\Device\TM4C123GH6PM\startup_TM4C123.s
   Uses
      At line 125 in file RTE\Device\TM4C123GH6PM\startup_TM4C123.s
      At line 545 in file RTE\Device\TM4C123GH6PM\startup_TM4C123.s

HardFault_Handler 0000000E

Symbol: HardFault_Handler
   Definitions
      At line 252 in file RTE\Device\TM4C123GH6PM\startup_TM4C123.s
   Uses
      At line 66 in file RTE\Device\TM4C123GH6PM\startup_TM4C123.s
      At line 253 in file RTE\Device\TM4C123GH6PM\startup_TM4C123.s

I2C0_Handler 0000002E

Symbol: I2C0_Handler
   Definitions
      At line 340 in file RTE\Device\TM4C123GH6PM\startup_TM4C123.s



ARM Macro Assembler    Page 9 Alphabetic symbol ordering
Relocatable symbols

   Uses
      At line 90 in file RTE\Device\TM4C123GH6PM\startup_TM4C123.s
      At line 341 in file RTE\Device\TM4C123GH6PM\startup_TM4C123.s

I2C1_Handler 00000068

Symbol: I2C1_Handler
   Definitions
      At line 514 in file RTE\Device\TM4C123GH6PM\startup_TM4C123.s
   Uses
      At line 119 in file RTE\Device\TM4C123GH6PM\startup_TM4C123.s
      At line 515 in file RTE\Device\TM4C123GH6PM\startup_TM4C123.s

I2C2_Handler 00000098

Symbol: I2C2_Handler
   Definitions
      At line 658 in file RTE\Device\TM4C123GH6PM\startup_TM4C123.s
   Uses
      At line 150 in file RTE\Device\TM4C123GH6PM\startup_TM4C123.s
      At line 659 in file RTE\Device\TM4C123GH6PM\startup_TM4C123.s

I2C3_Handler 0000009A

Symbol: I2C3_Handler
   Definitions
      At line 664 in file RTE\Device\TM4C123GH6PM\startup_TM4C123.s
   Uses
      At line 151 in file RTE\Device\TM4C123GH6PM\startup_TM4C123.s
      At line 665 in file RTE\Device\TM4C123GH6PM\startup_TM4C123.s

I2C4_Handler 000000BE

Symbol: I2C4_Handler
   Definitions
      At line 772 in file RTE\Device\TM4C123GH6PM\startup_TM4C123.s
   Uses
      At line 191 in file RTE\Device\TM4C123GH6PM\startup_TM4C123.s
      At line 773 in file RTE\Device\TM4C123GH6PM\startup_TM4C123.s

I2C5_Handler 000000C0

Symbol: I2C5_Handler
   Definitions
      At line 778 in file RTE\Device\TM4C123GH6PM\startup_TM4C123.s
   Uses
      At line 192 in file RTE\Device\TM4C123GH6PM\startup_TM4C123.s
      At line 779 in file RTE\Device\TM4C123GH6PM\startup_TM4C123.s

MemManage_Handler 00000010

Symbol: MemManage_Handler
   Definitions
      At line 257 in file RTE\Device\TM4C123GH6PM\startup_TM4C123.s
   Uses
      At line 67 in file RTE\Device\TM4C123GH6PM\startup_TM4C123.s
      At line 258 in file RTE\Device\TM4C123GH6PM\startup_TM4C123.s

NMI_Handler 0000000C



ARM Macro Assembler    Page 10 Alphabetic symbol ordering
Relocatable symbols


Symbol: NMI_Handler
   Definitions
      At line 247 in file RTE\Device\TM4C123GH6PM\startup_TM4C123.s
   Uses
      At line 65 in file RTE\Device\TM4C123GH6PM\startup_TM4C123.s
      At line 248 in file RTE\Device\TM4C123GH6PM\startup_TM4C123.s

PMW0_FAULT_Handler 00000030

Symbol: PMW0_FAULT_Handler
   Definitions
      At line 346 in file RTE\Device\TM4C123GH6PM\startup_TM4C123.s
   Uses
      At line 91 in file RTE\Device\TM4C123GH6PM\startup_TM4C123.s
      At line 347 in file RTE\Device\TM4C123GH6PM\startup_TM4C123.s

PMW1_0_Handler 000000EC

Symbol: PMW1_0_Handler
   Definitions
      At line 910 in file RTE\Device\TM4C123GH6PM\startup_TM4C123.s
   Uses
      At line 216 in file RTE\Device\TM4C123GH6PM\startup_TM4C123.s
      At line 911 in file RTE\Device\TM4C123GH6PM\startup_TM4C123.s

PWM0_0_Handler 00000032

Symbol: PWM0_0_Handler
   Definitions
      At line 352 in file RTE\Device\TM4C123GH6PM\startup_TM4C123.s
   Uses
      At line 92 in file RTE\Device\TM4C123GH6PM\startup_TM4C123.s
      At line 353 in file RTE\Device\TM4C123GH6PM\startup_TM4C123.s

PWM0_1_Handler 00000034

Symbol: PWM0_1_Handler
   Definitions
      At line 358 in file RTE\Device\TM4C123GH6PM\startup_TM4C123.s
   Uses
      At line 93 in file RTE\Device\TM4C123GH6PM\startup_TM4C123.s
      At line 359 in file RTE\Device\TM4C123GH6PM\startup_TM4C123.s

PWM0_2_Handler 00000036

Symbol: PWM0_2_Handler
   Definitions
      At line 364 in file RTE\Device\TM4C123GH6PM\startup_TM4C123.s
   Uses
      At line 94 in file RTE\Device\TM4C123GH6PM\startup_TM4C123.s
      At line 365 in file RTE\Device\TM4C123GH6PM\startup_TM4C123.s

PWM0_3_Handler 00000076

Symbol: PWM0_3_Handler
   Definitions
      At line 556 in file RTE\Device\TM4C123GH6PM\startup_TM4C123.s
   Uses



ARM Macro Assembler    Page 11 Alphabetic symbol ordering
Relocatable symbols

      At line 127 in file RTE\Device\TM4C123GH6PM\startup_TM4C123.s
      At line 557 in file RTE\Device\TM4C123GH6PM\startup_TM4C123.s

PWM1_1_Handler 000000EE

Symbol: PWM1_1_Handler
   Definitions
      At line 916 in file RTE\Device\TM4C123GH6PM\startup_TM4C123.s
   Uses
      At line 217 in file RTE\Device\TM4C123GH6PM\startup_TM4C123.s
      At line 917 in file RTE\Device\TM4C123GH6PM\startup_TM4C123.s

PWM1_2_Handler 000000F0

Symbol: PWM1_2_Handler
   Definitions
      At line 922 in file RTE\Device\TM4C123GH6PM\startup_TM4C123.s
   Uses
      At line 218 in file RTE\Device\TM4C123GH6PM\startup_TM4C123.s
      At line 923 in file RTE\Device\TM4C123GH6PM\startup_TM4C123.s

PWM1_3_Handler 000000F2

Symbol: PWM1_3_Handler
   Definitions
      At line 928 in file RTE\Device\TM4C123GH6PM\startup_TM4C123.s
   Uses
      At line 219 in file RTE\Device\TM4C123GH6PM\startup_TM4C123.s
      At line 929 in file RTE\Device\TM4C123GH6PM\startup_TM4C123.s

PWM1_FAULT_Handler 000000F4

Symbol: PWM1_FAULT_Handler
   Definitions
      At line 934 in file RTE\Device\TM4C123GH6PM\startup_TM4C123.s
   Uses
      At line 220 in file RTE\Device\TM4C123GH6PM\startup_TM4C123.s
      At line 935 in file RTE\Device\TM4C123GH6PM\startup_TM4C123.s

PendSV_Handler 0000001A

Symbol: PendSV_Handler
   Definitions
      At line 281 in file RTE\Device\TM4C123GH6PM\startup_TM4C123.s
   Uses
      At line 77 in file RTE\Device\TM4C123GH6PM\startup_TM4C123.s
      At line 282 in file RTE\Device\TM4C123GH6PM\startup_TM4C123.s

QEI0_Handler 00000038

Symbol: QEI0_Handler
   Definitions
      At line 370 in file RTE\Device\TM4C123GH6PM\startup_TM4C123.s
   Uses
      At line 95 in file RTE\Device\TM4C123GH6PM\startup_TM4C123.s
      At line 371 in file RTE\Device\TM4C123GH6PM\startup_TM4C123.s

QEI1_Handler 0000006A




ARM Macro Assembler    Page 12 Alphabetic symbol ordering
Relocatable symbols

Symbol: QEI1_Handler
   Definitions
      At line 520 in file RTE\Device\TM4C123GH6PM\startup_TM4C123.s
   Uses
      At line 120 in file RTE\Device\TM4C123GH6PM\startup_TM4C123.s
      At line 521 in file RTE\Device\TM4C123GH6PM\startup_TM4C123.s

QEI2_Handler 000000C6

Symbol: QEI2_Handler
   Definitions
      At line 796 in file RTE\Device\TM4C123GH6PM\startup_TM4C123.s
   Uses
      At line 195 in file RTE\Device\TM4C123GH6PM\startup_TM4C123.s
      At line 797 in file RTE\Device\TM4C123GH6PM\startup_TM4C123.s

Reset_Handler 00000000

Symbol: Reset_Handler
   Definitions
      At line 231 in file RTE\Device\TM4C123GH6PM\startup_TM4C123.s
   Uses
      At line 64 in file RTE\Device\TM4C123GH6PM\startup_TM4C123.s
      At line 232 in file RTE\Device\TM4C123GH6PM\startup_TM4C123.s

SSI0_Handler 0000002C

Symbol: SSI0_Handler
   Definitions
      At line 334 in file RTE\Device\TM4C123GH6PM\startup_TM4C123.s
   Uses
      At line 89 in file RTE\Device\TM4C123GH6PM\startup_TM4C123.s
      At line 335 in file RTE\Device\TM4C123GH6PM\startup_TM4C123.s

SSI1_Handler 00000062

Symbol: SSI1_Handler
   Definitions
      At line 496 in file RTE\Device\TM4C123GH6PM\startup_TM4C123.s
   Uses
      At line 116 in file RTE\Device\TM4C123GH6PM\startup_TM4C123.s
      At line 497 in file RTE\Device\TM4C123GH6PM\startup_TM4C123.s

SSI2_Handler 0000008A

Symbol: SSI2_Handler
   Definitions
      At line 616 in file RTE\Device\TM4C123GH6PM\startup_TM4C123.s
   Uses
      At line 139 in file RTE\Device\TM4C123GH6PM\startup_TM4C123.s
      At line 617 in file RTE\Device\TM4C123GH6PM\startup_TM4C123.s

SSI3_Handler 0000008C

Symbol: SSI3_Handler
   Definitions
      At line 622 in file RTE\Device\TM4C123GH6PM\startup_TM4C123.s
   Uses
      At line 140 in file RTE\Device\TM4C123GH6PM\startup_TM4C123.s



ARM Macro Assembler    Page 13 Alphabetic symbol ordering
Relocatable symbols

      At line 623 in file RTE\Device\TM4C123GH6PM\startup_TM4C123.s

SVC_Handler 00000016

Symbol: SVC_Handler
   Definitions
      At line 271 in file RTE\Device\TM4C123GH6PM\startup_TM4C123.s
   Uses
      At line 74 in file RTE\Device\TM4C123GH6PM\startup_TM4C123.s
      At line 272 in file RTE\Device\TM4C123GH6PM\startup_TM4C123.s

SYSCTL_Handler 00000056

Symbol: SYSCTL_Handler
   Definitions
      At line 460 in file RTE\Device\TM4C123GH6PM\startup_TM4C123.s
   Uses
      At line 110 in file RTE\Device\TM4C123GH6PM\startup_TM4C123.s
      At line 461 in file RTE\Device\TM4C123GH6PM\startup_TM4C123.s

SysTick_Handler 0000001C

Symbol: SysTick_Handler
   Definitions
      At line 286 in file RTE\Device\TM4C123GH6PM\startup_TM4C123.s
   Uses
      At line 78 in file RTE\Device\TM4C123GH6PM\startup_TM4C123.s
      At line 287 in file RTE\Device\TM4C123GH6PM\startup_TM4C123.s

TIMER0A_Handler 00000044

Symbol: TIMER0A_Handler
   Definitions
      At line 406 in file RTE\Device\TM4C123GH6PM\startup_TM4C123.s
   Uses
      At line 101 in file RTE\Device\TM4C123GH6PM\startup_TM4C123.s
      At line 407 in file RTE\Device\TM4C123GH6PM\startup_TM4C123.s

TIMER0B_Handler 00000046

Symbol: TIMER0B_Handler
   Definitions
      At line 412 in file RTE\Device\TM4C123GH6PM\startup_TM4C123.s
   Uses
      At line 102 in file RTE\Device\TM4C123GH6PM\startup_TM4C123.s
      At line 413 in file RTE\Device\TM4C123GH6PM\startup_TM4C123.s

TIMER1A_Handler 00000048

Symbol: TIMER1A_Handler
   Definitions
      At line 418 in file RTE\Device\TM4C123GH6PM\startup_TM4C123.s
   Uses
      At line 103 in file RTE\Device\TM4C123GH6PM\startup_TM4C123.s
      At line 419 in file RTE\Device\TM4C123GH6PM\startup_TM4C123.s

TIMER1B_Handler 0000004A

Symbol: TIMER1B_Handler



ARM Macro Assembler    Page 14 Alphabetic symbol ordering
Relocatable symbols

   Definitions
      At line 424 in file RTE\Device\TM4C123GH6PM\startup_TM4C123.s
   Uses
      At line 104 in file RTE\Device\TM4C123GH6PM\startup_TM4C123.s
      At line 425 in file RTE\Device\TM4C123GH6PM\startup_TM4C123.s

TIMER2A_Handler 0000004C

Symbol: TIMER2A_Handler
   Definitions
      At line 430 in file RTE\Device\TM4C123GH6PM\startup_TM4C123.s
   Uses
      At line 105 in file RTE\Device\TM4C123GH6PM\startup_TM4C123.s
      At line 431 in file RTE\Device\TM4C123GH6PM\startup_TM4C123.s

TIMER2B_Handler 0000004E

Symbol: TIMER2B_Handler
   Definitions
      At line 436 in file RTE\Device\TM4C123GH6PM\startup_TM4C123.s
   Uses
      At line 106 in file RTE\Device\TM4C123GH6PM\startup_TM4C123.s
      At line 437 in file RTE\Device\TM4C123GH6PM\startup_TM4C123.s

TIMER3A_Handler 00000064

Symbol: TIMER3A_Handler
   Definitions
      At line 502 in file RTE\Device\TM4C123GH6PM\startup_TM4C123.s
   Uses
      At line 117 in file RTE\Device\TM4C123GH6PM\startup_TM4C123.s
      At line 503 in file RTE\Device\TM4C123GH6PM\startup_TM4C123.s

TIMER3B_Handler 00000066

Symbol: TIMER3B_Handler
   Definitions
      At line 508 in file RTE\Device\TM4C123GH6PM\startup_TM4C123.s
   Uses
      At line 118 in file RTE\Device\TM4C123GH6PM\startup_TM4C123.s
      At line 509 in file RTE\Device\TM4C123GH6PM\startup_TM4C123.s

TIMER4A_Handler 0000009C

Symbol: TIMER4A_Handler
   Definitions
      At line 670 in file RTE\Device\TM4C123GH6PM\startup_TM4C123.s
   Uses
      At line 152 in file RTE\Device\TM4C123GH6PM\startup_TM4C123.s
      At line 671 in file RTE\Device\TM4C123GH6PM\startup_TM4C123.s

TIMER4B_Handler 0000009E

Symbol: TIMER4B_Handler
   Definitions
      At line 676 in file RTE\Device\TM4C123GH6PM\startup_TM4C123.s
   Uses
      At line 153 in file RTE\Device\TM4C123GH6PM\startup_TM4C123.s
      At line 677 in file RTE\Device\TM4C123GH6PM\startup_TM4C123.s



ARM Macro Assembler    Page 15 Alphabetic symbol ordering
Relocatable symbols


TIMER5A_Handler 000000A0

Symbol: TIMER5A_Handler
   Definitions
      At line 682 in file RTE\Device\TM4C123GH6PM\startup_TM4C123.s
   Uses
      At line 174 in file RTE\Device\TM4C123GH6PM\startup_TM4C123.s
      At line 683 in file RTE\Device\TM4C123GH6PM\startup_TM4C123.s

TIMER5B_Handler 000000A2

Symbol: TIMER5B_Handler
   Definitions
      At line 688 in file RTE\Device\TM4C123GH6PM\startup_TM4C123.s
   Uses
      At line 175 in file RTE\Device\TM4C123GH6PM\startup_TM4C123.s
      At line 689 in file RTE\Device\TM4C123GH6PM\startup_TM4C123.s

UART0_Handler 00000028

Symbol: UART0_Handler
   Definitions
      At line 322 in file RTE\Device\TM4C123GH6PM\startup_TM4C123.s
   Uses
      At line 87 in file RTE\Device\TM4C123GH6PM\startup_TM4C123.s
      At line 323 in file RTE\Device\TM4C123GH6PM\startup_TM4C123.s

UART1_Handler 0000002A

Symbol: UART1_Handler
   Definitions
      At line 328 in file RTE\Device\TM4C123GH6PM\startup_TM4C123.s
   Uses
      At line 88 in file RTE\Device\TM4C123GH6PM\startup_TM4C123.s
      At line 329 in file RTE\Device\TM4C123GH6PM\startup_TM4C123.s

UART2_Handler 00000060

Symbol: UART2_Handler
   Definitions
      At line 490 in file RTE\Device\TM4C123GH6PM\startup_TM4C123.s
   Uses
      At line 115 in file RTE\Device\TM4C123GH6PM\startup_TM4C123.s
      At line 491 in file RTE\Device\TM4C123GH6PM\startup_TM4C123.s

UART3_Handler 0000008E

Symbol: UART3_Handler
   Definitions
      At line 628 in file RTE\Device\TM4C123GH6PM\startup_TM4C123.s
   Uses
      At line 141 in file RTE\Device\TM4C123GH6PM\startup_TM4C123.s
      At line 629 in file RTE\Device\TM4C123GH6PM\startup_TM4C123.s

UART4_Handler 00000090

Symbol: UART4_Handler
   Definitions



ARM Macro Assembler    Page 16 Alphabetic symbol ordering
Relocatable symbols

      At line 634 in file RTE\Device\TM4C123GH6PM\startup_TM4C123.s
   Uses
      At line 142 in file RTE\Device\TM4C123GH6PM\startup_TM4C123.s
      At line 635 in file RTE\Device\TM4C123GH6PM\startup_TM4C123.s

UART5_Handler 00000092

Symbol: UART5_Handler
   Definitions
      At line 640 in file RTE\Device\TM4C123GH6PM\startup_TM4C123.s
   Uses
      At line 143 in file RTE\Device\TM4C123GH6PM\startup_TM4C123.s
      At line 641 in file RTE\Device\TM4C123GH6PM\startup_TM4C123.s

UART6_Handler 00000094

Symbol: UART6_Handler
   Definitions
      At line 646 in file RTE\Device\TM4C123GH6PM\startup_TM4C123.s
   Uses
      At line 144 in file RTE\Device\TM4C123GH6PM\startup_TM4C123.s
      At line 647 in file RTE\Device\TM4C123GH6PM\startup_TM4C123.s

UART7_Handler 00000096

Symbol: UART7_Handler
   Definitions
      At line 652 in file RTE\Device\TM4C123GH6PM\startup_TM4C123.s
   Uses
      At line 145 in file RTE\Device\TM4C123GH6PM\startup_TM4C123.s
      At line 653 in file RTE\Device\TM4C123GH6PM\startup_TM4C123.s

UDMAERR_Handler 0000007A

Symbol: UDMAERR_Handler
   Definitions
      At line 568 in file RTE\Device\TM4C123GH6PM\startup_TM4C123.s
   Uses
      At line 129 in file RTE\Device\TM4C123GH6PM\startup_TM4C123.s
      At line 569 in file RTE\Device\TM4C123GH6PM\startup_TM4C123.s

UDMA_Handler 00000078

Symbol: UDMA_Handler
   Definitions
      At line 562 in file RTE\Device\TM4C123GH6PM\startup_TM4C123.s
   Uses
      At line 128 in file RTE\Device\TM4C123GH6PM\startup_TM4C123.s
      At line 563 in file RTE\Device\TM4C123GH6PM\startup_TM4C123.s

USB0_Handler 00000074

Symbol: USB0_Handler
   Definitions
      At line 550 in file RTE\Device\TM4C123GH6PM\startup_TM4C123.s
   Uses
      At line 126 in file RTE\Device\TM4C123GH6PM\startup_TM4C123.s
      At line 551 in file RTE\Device\TM4C123GH6PM\startup_TM4C123.s




ARM Macro Assembler    Page 17 Alphabetic symbol ordering
Relocatable symbols

UsageFault_Handler 00000014

Symbol: UsageFault_Handler
   Definitions
      At line 267 in file RTE\Device\TM4C123GH6PM\startup_TM4C123.s
   Uses
      At line 69 in file RTE\Device\TM4C123GH6PM\startup_TM4C123.s
      At line 268 in file RTE\Device\TM4C123GH6PM\startup_TM4C123.s

WDT0_Handler 00000042

Symbol: WDT0_Handler
   Definitions
      At line 400 in file RTE\Device\TM4C123GH6PM\startup_TM4C123.s
   Uses
      At line 100 in file RTE\Device\TM4C123GH6PM\startup_TM4C123.s
      At line 401 in file RTE\Device\TM4C123GH6PM\startup_TM4C123.s

WTIMER0A_Handler 000000A4

Symbol: WTIMER0A_Handler
   Definitions
      At line 694 in file RTE\Device\TM4C123GH6PM\startup_TM4C123.s
   Uses
      At line 176 in file RTE\Device\TM4C123GH6PM\startup_TM4C123.s
      At line 695 in file RTE\Device\TM4C123GH6PM\startup_TM4C123.s

WTIMER0B_Handler 000000A6

Symbol: WTIMER0B_Handler
   Definitions
      At line 700 in file RTE\Device\TM4C123GH6PM\startup_TM4C123.s
   Uses
      At line 177 in file RTE\Device\TM4C123GH6PM\startup_TM4C123.s
      At line 701 in file RTE\Device\TM4C123GH6PM\startup_TM4C123.s

WTIMER1A_Handler 000000A8

Symbol: WTIMER1A_Handler
   Definitions
      At line 706 in file RTE\Device\TM4C123GH6PM\startup_TM4C123.s
   Uses
      At line 178 in file RTE\Device\TM4C123GH6PM\startup_TM4C123.s
      At line 707 in file RTE\Device\TM4C123GH6PM\startup_TM4C123.s

WTIMER1B_Handler 000000AA

Symbol: WTIMER1B_Handler
   Definitions
      At line 712 in file RTE\Device\TM4C123GH6PM\startup_TM4C123.s
   Uses
      At line 179 in file RTE\Device\TM4C123GH6PM\startup_TM4C123.s
      At line 713 in file RTE\Device\TM4C123GH6PM\startup_TM4C123.s

WTIMER2A_Handler 000000AC

Symbol: WTIMER2A_Handler
   Definitions
      At line 718 in file RTE\Device\TM4C123GH6PM\startup_TM4C123.s



ARM Macro Assembler    Page 18 Alphabetic symbol ordering
Relocatable symbols

   Uses
      At line 180 in file RTE\Device\TM4C123GH6PM\startup_TM4C123.s
      At line 719 in file RTE\Device\TM4C123GH6PM\startup_TM4C123.s

WTIMER2B_Handler 000000AE

Symbol: WTIMER2B_Handler
   Definitions
      At line 724 in file RTE\Device\TM4C123GH6PM\startup_TM4C123.s
   Uses
      At line 181 in file RTE\Device\TM4C123GH6PM\startup_TM4C123.s
      At line 725 in file RTE\Device\TM4C123GH6PM\startup_TM4C123.s

WTIMER3A_Handler 000000B0

Symbol: WTIMER3A_Handler
   Definitions
      At line 730 in file RTE\Device\TM4C123GH6PM\startup_TM4C123.s
   Uses
      At line 182 in file RTE\Device\TM4C123GH6PM\startup_TM4C123.s
      At line 731 in file RTE\Device\TM4C123GH6PM\startup_TM4C123.s

WTIMER3B_Handler 000000B2

Symbol: WTIMER3B_Handler
   Definitions
      At line 736 in file RTE\Device\TM4C123GH6PM\startup_TM4C123.s
   Uses
      At line 183 in file RTE\Device\TM4C123GH6PM\startup_TM4C123.s
      At line 737 in file RTE\Device\TM4C123GH6PM\startup_TM4C123.s

WTIMER4A_Handler 000000B4

Symbol: WTIMER4A_Handler
   Definitions
      At line 742 in file RTE\Device\TM4C123GH6PM\startup_TM4C123.s
   Uses
      At line 184 in file RTE\Device\TM4C123GH6PM\startup_TM4C123.s
      At line 743 in file RTE\Device\TM4C123GH6PM\startup_TM4C123.s

WTIMER4B_Handler 000000B6

Symbol: WTIMER4B_Handler
   Definitions
      At line 748 in file RTE\Device\TM4C123GH6PM\startup_TM4C123.s
   Uses
      At line 185 in file RTE\Device\TM4C123GH6PM\startup_TM4C123.s
      At line 749 in file RTE\Device\TM4C123GH6PM\startup_TM4C123.s

WTIMER5A_Handler 000000B8

Symbol: WTIMER5A_Handler
   Definitions
      At line 754 in file RTE\Device\TM4C123GH6PM\startup_TM4C123.s
   Uses
      At line 186 in file RTE\Device\TM4C123GH6PM\startup_TM4C123.s
      At line 755 in file RTE\Device\TM4C123GH6PM\startup_TM4C123.s

WTIMER5B_Handler 000000BA



ARM Macro Assembler    Page 19 Alphabetic symbol ordering
Relocatable symbols


Symbol: WTIMER5B_Handler
   Definitions
      At line 760 in file RTE\Device\TM4C123GH6PM\startup_TM4C123.s
   Uses
      At line 187 in file RTE\Device\TM4C123GH6PM\startup_TM4C123.s
      At line 761 in file RTE\Device\TM4C123GH6PM\startup_TM4C123.s

__user_initial_stackheap 000000F8

Symbol: __user_initial_stackheap
   Definitions
      At line 954 in file RTE\Device\TM4C123GH6PM\startup_TM4C123.s
   Uses
      At line 953 in file RTE\Device\TM4C123GH6PM\startup_TM4C123.s
Comment: __user_initial_stackheap used once
120 symbols



ARM Macro Assembler    Page 1 Alphabetic symbol ordering
Absolute symbols

Heap_Size 00000000

Symbol: Heap_Size
   Definitions
      At line 44 in file RTE\Device\TM4C123GH6PM\startup_TM4C123.s
   Uses
      At line 48 in file RTE\Device\TM4C123GH6PM\startup_TM4C123.s
      At line 958 in file RTE\Device\TM4C123GH6PM\startup_TM4C123.s

Stack_Size 00000200

Symbol: Stack_Size
   Definitions
      At line 33 in file RTE\Device\TM4C123GH6PM\startup_TM4C123.s
   Uses
      At line 36 in file RTE\Device\TM4C123GH6PM\startup_TM4C123.s
      At line 957 in file RTE\Device\TM4C123GH6PM\startup_TM4C123.s

__Vectors_Size 0000026C

Symbol: __Vectors_Size
   Definitions
      At line 224 in file RTE\Device\TM4C123GH6PM\startup_TM4C123.s
   Uses
      At line 61 in file RTE\Device\TM4C123GH6PM\startup_TM4C123.s
Comment: __Vectors_Size used once
3 symbols



ARM Macro Assembler    Page 1 Alphabetic symbol ordering
External symbols

Config 00000000

Symbol: Config
   Definitions
      At line 234 in file RTE\Device\TM4C123GH6PM\startup_TM4C123.s
   Uses
      At line 238 in file RTE\Device\TM4C123GH6PM\startup_TM4C123.s
Comment: Config used once
SystemInit 00000000

Symbol: SystemInit
   Definitions
      At line 233 in file RTE\Device\TM4C123GH6PM\startup_TM4C123.s
   Uses
      At line 236 in file RTE\Device\TM4C123GH6PM\startup_TM4C123.s
Comment: SystemInit used once
__use_two_region_memory 00000000

Symbol: __use_two_region_memory
   Definitions
      At line 952 in file RTE\Device\TM4C123GH6PM\startup_TM4C123.s
   Uses
      None
Comment: __use_two_region_memory unused
main 00000000

Symbol: main
   Definitions
      At line 235 in file RTE\Device\TM4C123GH6PM\startup_TM4C123.s
   Uses
      At line 240 in file RTE\Device\TM4C123GH6PM\startup_TM4C123.s
Comment: main used once
4 symbols
476 symbols in table
