


ARM Macro Assembler    Page 1 


    1 00000000 400FE608 
                       SYSCTL_RCGCGPIO_R
                               EQU              0x400FE608
    2 00000000 400253FC 
                       GPIO_PORTF_DATA_R
                               EQU              0x400253FC
    3 00000000 40025400 
                       GPIO_PORTF_DIR_R
                               EQU              0x40025400
    4 00000000 4002551C 
                       GPIO_PORTF_DEN_R
                               EQU              0x4002551C
    5 00000000         
    6 00000000 40025510 
                       GPIO_PORTF_PUR_R
                               EQU              0x40025510
    7 00000000 40025520 
                       GPIO_PORTF_LOCK_R
                               EQU              0x40025520
    8 00000000 40025524 
                       GPIO_PORTF_CR_R
                               EQU              0x40025524
    9 00000000 4C4F434B 
                       GPIO_LOCK_KEY
                               EQU              0x4C4F434B
   10 00000000         ;switch1 = PF4   
   11 00000000         ;switch2 = PF0
   12 00000000 00000002 
                       RED     EQU              0x02        ; 0b  0000 0010
   13 00000000 00000004 
                       BLUE    EQU              0x04        ; 0B   0000  0100
   14 00000000 00000008 
                       GREEN   EQU              0x08        ; 0b  0000  1000
   15 00000000         
   16 00000000 001046AA 
                       SEC_DIV_FIVE
                               EQU              1066666     ; 1second divided b
                                                            y 5
   17 00000000         
   18 00000000         
   19 00000000         
   20 00000000                 AREA             |.text|, CODE, READONLY, ALIGN=
2
   21 00000000                 THUMB
   22 00000000                 EXPORT           Main
   23 00000000         Main
   24 00000000 F000 F828       BL               GPIO_init
   25 00000004         loop
   26 00000004 4820            LDR              R0, = SEC_DIV_FIVE
   27 00000006 F000 F822       BL               delay
   28 0000000A F000 F81B       BL               Input
   29 0000000E 2801            CMP              R0,#0x01
   30 00000010 D006            BEQ              SWITCH1_ON
   31 00000012 2810            CMP              R0,#0x10
   32 00000014 D009            BEQ              SWITCH2_ON
   33 00000016 2800            CMP              R0,#0x00
   34 00000018 D00C            BEQ              BOTH_SWITCHES
   35 0000001A F000 F810       BL               Output
   36 0000001E E7F1            B                loop



ARM Macro Assembler    Page 2 


   37 00000020         
   38 00000020         
   39 00000020         SWITCH1_ON
   40 00000020 F04F 0008       MOV              R0,#GREEN
   41 00000024 F000 F80B       BL               Output
   42 00000028 E7EC            B                loop
   43 0000002A         
   44 0000002A         SWITCH2_ON
   45 0000002A F04F 0004       MOV              R0,#BLUE
   46 0000002E F000 F806       BL               Output
   47 00000032 E7E7            B                loop
   48 00000034         
   49 00000034         BOTH_SWITCHES
   50 00000034 F04F 000E       MOV              R0,#(RED+BLUE+GREEN)
   51 00000038 F000 F801       BL               Output
   52 0000003C E7E2            B                loop
   53 0000003E         
   54 0000003E         
   55 0000003E         Output
   56 0000003E 4913            LDR              R1,= GPIO_PORTF_DATA_R
   57 00000040 6008            STR              R0,[R1]
   58 00000042 4770            BX               LR
   59 00000044         
   60 00000044         Input
   61 00000044 4911            LDR              R1,=GPIO_PORTF_DATA_R
   62 00000046 6808            LDR              R0,[R1]
   63 00000048 F000 0011       AND              R0,R0,#0x11 ; 0B 0001 0001  
   64 0000004C 4770            BX               LR
   65 0000004E         
   66 0000004E         
   67 0000004E         
   68 0000004E         
   69 0000004E         
   70 0000004E         delay
   71 0000004E 1E40            SUBS             R0,R0, #1
   72 00000050 D1FD            BNE              delay
   73 00000052 4770            BX               LR
   74 00000054         
   75 00000054         
   76 00000054         GPIO_init
   77 00000054         
   78 00000054 490E            LDR              R1, =SYSCTL_RCGCGPIO_R
   79 00000056 6808            LDR              R0,[R1]
   80 00000058 F040 0020       ORR              R0,R0,#0x20
   81 0000005C 6008            STR              R0,[R1]
   82 0000005E         
   83 0000005E 490D            LDR              R1,=GPIO_PORTF_LOCK_R
   84 00000060 480D            LDR              R0,=GPIO_LOCK_KEY
   85 00000062 6008            STR              R0,[R1]
   86 00000064         
   87 00000064 490D            LDR              R1,=GPIO_PORTF_CR_R
   88 00000066 F04F 00FF       MOV              R0,#0xFF
   89 0000006A 6008            STR              R0,[R1]
   90 0000006C         
   91 0000006C 490C            LDR              R1,=GPIO_PORTF_DIR_R
   92 0000006E F04F 000E       MOV              R0,#0x0E    ; 0b 0000 1110
   93 00000072 6008            STR              R0,[R1]
   94 00000074         
   95 00000074 490B            LDR              R1,=GPIO_PORTF_PUR_R



ARM Macro Assembler    Page 3 


   96 00000076 F04F 0010       MOV              R0,#0x10
   97 0000007A 6008            STR              R0,[R1]
   98 0000007C         
   99 0000007C 490A            LDR              R1,=GPIO_PORTF_DEN_R
  100 0000007E F04F 001F       MOV              R0,#0x1F    ;0B 0001 1111     
  101 00000082 6008            STR              R0,[R1]
  102 00000084         
  103 00000084         
  104 00000084 4770            BX               LR
  105 00000086         
  106 00000086 00 00           ALIGN
  107 00000088                 END
              001046AA 
              400253FC 
              400FE608 
              40025520 
              4C4F434B 
              40025524 
              40025400 
              40025510 
              4002551C 
Command Line: --debug --xref --diag_suppress=9931 --cpu=Cortex-M4.fp --apcs=int
erwork --depend=.\objects\main.d -o.\objects\main.o -IC:\Users\Israel\Documents
\CORTEX-M.COM\RED_Switch\RTE -IC:\Keil_v5\V518a\ARM\PACK\ARM\CMSIS\4.5.0\CMSIS\
Include -IC:\Keil_v5\V518a\ARM\PACK\Keil\TM4C_DFP\1.1.0\Device\Include\TM4C123 
--predefine="__EVAL SETA 1" --predefine="__UVISION_VERSION SETA 518" --predefin
e="_RTE_ SETA 1" --predefine="TM4C1230H6PM SETA 1" --list=.\listings\main.lst m
ain.s



ARM Macro Assembler    Page 1 Alphabetic symbol ordering
Relocatable symbols

.text 00000000

Symbol: .text
   Definitions
      At line 20 in file main.s
   Uses
      None
Comment: .text unused
BOTH_SWITCHES 00000034

Symbol: BOTH_SWITCHES
   Definitions
      At line 49 in file main.s
   Uses
      At line 34 in file main.s
Comment: BOTH_SWITCHES used once
GPIO_init 00000054

Symbol: GPIO_init
   Definitions
      At line 76 in file main.s
   Uses
      At line 24 in file main.s
Comment: GPIO_init used once
Input 00000044

Symbol: Input
   Definitions
      At line 60 in file main.s
   Uses
      At line 28 in file main.s
Comment: Input used once
Main 00000000

Symbol: Main
   Definitions
      At line 23 in file main.s
   Uses
      At line 22 in file main.s
Comment: Main used once
Output 0000003E

Symbol: Output
   Definitions
      At line 55 in file main.s
   Uses
      At line 35 in file main.s
      At line 41 in file main.s
      At line 46 in file main.s
      At line 51 in file main.s

SWITCH1_ON 00000020

Symbol: SWITCH1_ON
   Definitions
      At line 39 in file main.s
   Uses
      At line 30 in file main.s
Comment: SWITCH1_ON used once



ARM Macro Assembler    Page 2 Alphabetic symbol ordering
Relocatable symbols

SWITCH2_ON 0000002A

Symbol: SWITCH2_ON
   Definitions
      At line 44 in file main.s
   Uses
      At line 32 in file main.s
Comment: SWITCH2_ON used once
delay 0000004E

Symbol: delay
   Definitions
      At line 70 in file main.s
   Uses
      At line 27 in file main.s
      At line 72 in file main.s

loop 00000004

Symbol: loop
   Definitions
      At line 25 in file main.s
   Uses
      At line 36 in file main.s
      At line 42 in file main.s
      At line 47 in file main.s
      At line 52 in file main.s

10 symbols



ARM Macro Assembler    Page 1 Alphabetic symbol ordering
Absolute symbols

BLUE 00000004

Symbol: BLUE
   Definitions
      At line 13 in file main.s
   Uses
      At line 45 in file main.s
      At line 50 in file main.s

GPIO_LOCK_KEY 4C4F434B

Symbol: GPIO_LOCK_KEY
   Definitions
      At line 9 in file main.s
   Uses
      At line 84 in file main.s
Comment: GPIO_LOCK_KEY used once
GPIO_PORTF_CR_R 40025524

Symbol: GPIO_PORTF_CR_R
   Definitions
      At line 8 in file main.s
   Uses
      At line 87 in file main.s
Comment: GPIO_PORTF_CR_R used once
GPIO_PORTF_DATA_R 400253FC

Symbol: GPIO_PORTF_DATA_R
   Definitions
      At line 2 in file main.s
   Uses
      At line 56 in file main.s
      At line 61 in file main.s

GPIO_PORTF_DEN_R 4002551C

Symbol: GPIO_PORTF_DEN_R
   Definitions
      At line 4 in file main.s
   Uses
      At line 99 in file main.s
Comment: GPIO_PORTF_DEN_R used once
GPIO_PORTF_DIR_R 40025400

Symbol: GPIO_PORTF_DIR_R
   Definitions
      At line 3 in file main.s
   Uses
      At line 91 in file main.s
Comment: GPIO_PORTF_DIR_R used once
GPIO_PORTF_LOCK_R 40025520

Symbol: GPIO_PORTF_LOCK_R
   Definitions
      At line 7 in file main.s
   Uses
      At line 83 in file main.s
Comment: GPIO_PORTF_LOCK_R used once
GPIO_PORTF_PUR_R 40025510



ARM Macro Assembler    Page 2 Alphabetic symbol ordering
Absolute symbols


Symbol: GPIO_PORTF_PUR_R
   Definitions
      At line 6 in file main.s
   Uses
      At line 95 in file main.s
Comment: GPIO_PORTF_PUR_R used once
GREEN 00000008

Symbol: GREEN
   Definitions
      At line 14 in file main.s
   Uses
      At line 40 in file main.s
      At line 50 in file main.s

RED 00000002

Symbol: RED
   Definitions
      At line 12 in file main.s
   Uses
      At line 50 in file main.s
Comment: RED used once
SEC_DIV_FIVE 001046AA

Symbol: SEC_DIV_FIVE
   Definitions
      At line 16 in file main.s
   Uses
      At line 26 in file main.s
Comment: SEC_DIV_FIVE used once
SYSCTL_RCGCGPIO_R 400FE608

Symbol: SYSCTL_RCGCGPIO_R
   Definitions
      At line 1 in file main.s
   Uses
      At line 78 in file main.s
Comment: SYSCTL_RCGCGPIO_R used once
12 symbols
359 symbols in table
