


ARM Macro Assembler    Page 1 


    1 00000000 400FE608 
                       SYSCTL_RCGCGPIO_R
                               EQU              0x400FE608
    2 00000000 40025400 
                       GPIO_PORTF_DIR_R
                               EQU              0x40025400
    3 00000000 4002551C 
                       GPIO_PORTF_DEN_R
                               EQU              0x4002551C
    4 00000000 400253FC 
                       GPIOF_PORTF_DATA_R
                               EQU              0x400253FC
    5 00000000         
    6 00000000 40025510 
                       GPIO_PORTF_PUR_R
                               EQU              0x40025510
    7 00000000 40025520 
                       GPIO_PORTF_LOCK_R
                               EQU              0x40025520
    8 00000000 40025524 
                       GPIO_PORTF_CR_R
                               EQU              0x40025524
    9 00000000 4C4F434B 
                       GPIO_LOCK_KEY
                               EQU              0x4C4F434B
   10 00000000         
   11 00000000 00000002 
                       RED     EQU              0x02        ; 0b 0000 0010
   12 00000000 00000004 
                       BLUE    EQU              0x04
   13 00000000 00000008 
                       GREEN   EQU              0x08
   14 00000000 001046AA 
                       SEC_DIV_FIVE
                               EQU              1066666     ; 1 SECOND DEVIDED 
                                                            BY 5
   15 00000000         
   16 00000000         ;0x400253EF, 0x400FF612  memory to map in debug session 
                       in simulation
   17 00000000         ;0x4C4F434A, 0x4C4F434C  memory to map in debug session 
                       in simulation
   18 00000000         
   19 00000000                 AREA             |.text|,CODE,READONLY,ALIGN=2
   20 00000000                 THUMB
   21 00000000                 EXPORT           main
   22 00000000         
   23 00000000         main
   24 00000000 F000 F828       BL               GPIOF_Init
   25 00000004         
   26 00000004         loop
   27 00000004 4820            LDR              R0,=SEC_DIV_FIVE
   28 00000006 F000 F822       BL               delay
   29 0000000A F000 F81B       BL               input
   30 0000000E 2810            CMP              R0,#0x10
   31 00000010 D006            BEQ              switch1_on
   32 00000012 2801            CMP              R0,#0x01
   33 00000014 D009            BEQ              switch2_on
   34 00000016 2800            CMP              R0,#0x00
   35 00000018 D00C            BEQ              switch12_on



ARM Macro Assembler    Page 2 


   36 0000001A F000 F810       BL               output
   37 0000001E E7F1            B                loop
   38 00000020         
   39 00000020         switch1_on
   40 00000020 F040 0002       ORR              R0,R0,#RED
   41 00000024 F000 F80B       BL               output
   42 00000028 E7EC            B                loop
   43 0000002A         
   44 0000002A         switch2_on
   45 0000002A F040 0008       ORR              R0,R0,#GREEN
   46 0000002E F000 F806       BL               output
   47 00000032 E7E7            B                loop
   48 00000034         
   49 00000034         switch12_on
   50 00000034 F040 000E       ORR              R0,R0,#(BLUE+GREEN+RED)
   51 00000038 F000 F801       BL               output
   52 0000003C E7E2            B                loop
   53 0000003E         
   54 0000003E         output
   55 0000003E 4913            LDR              R1,=GPIOF_PORTF_DATA_R
   56 00000040 6008            STR              R0,[R1]
   57 00000042 4770            BX               LR
   58 00000044         
   59 00000044         input
   60 00000044 4911            LDR              R1,=GPIOF_PORTF_DATA_R
   61 00000046 6808            LDR              R0,[R1]
   62 00000048 F000 0011       AND              R0,R0,#0x11
   63 0000004C 4770            BX               LR
   64 0000004E         
   65 0000004E         delay
   66 0000004E 1E40            SUBS             R0,R0, #1
   67 00000050 D1FD            BNE              delay
   68 00000052 4770            BX               LR
   69 00000054         
   70 00000054         GPIOF_Init
   71 00000054 490E            LDR              R1,=SYSCTL_RCGCGPIO_R
   72 00000056 6808            LDR              R0,[R1]
   73 00000058 F040 0020       ORR              R0,R0,#0x20
   74 0000005C 6008            STR              R0,[R1]
   75 0000005E         
   76 0000005E 490D            LDR              R1,=GPIO_PORTF_LOCK_R
   77 00000060 480D            LDR              R0,=GPIO_LOCK_KEY
   78 00000062 6008            STR              R0,[R1]
   79 00000064         
   80 00000064 490D            LDR              R1,=GPIO_PORTF_CR_R
   81 00000066 F04F 00FF       MOV              R0,#0XFF
   82 0000006A 6008            STR              R0,[R1]
   83 0000006C         
   84 0000006C 490C            LDR              R1,=GPIO_PORTF_DIR_R
   85 0000006E F04F 000E       MOV              R0,#0x0E
   86 00000072 6008            STR              R0,[R1]
   87 00000074         
   88 00000074 490B            LDR              R1,=GPIO_PORTF_PUR_R
   89 00000076 F04F 0010       MOV              R0,#0x10
   90 0000007A 6008            STR              R0,[R1]
   91 0000007C         
   92 0000007C 490A            LDR              R1,=GPIO_PORTF_DEN_R
   93 0000007E F04F 001F       MOV              R0,#0x1F
   94 00000082 6008            STR              R0,[R1]



ARM Macro Assembler    Page 3 


   95 00000084         
   96 00000084 4770            BX               LR
   97 00000086         
   98 00000086 00 00           ALIGN
   99 00000088                 END
              001046AA 
              400253FC 
              400FE608 
              40025520 
              4C4F434B 
              40025524 
              40025400 
              40025510 
              4002551C 
Command Line: --debug --xref --diag_suppress=9931 --cpu=Cortex-M4.fp.sp --apcs=
interwork --depend=.\objects\main.d -o.\objects\main.o -I.\RTE\_Target_1 -IC:\U
sers\mahmo\AppData\Local\Arm\Packs\ARM\CMSIS\5.7.0\CMSIS\Core\Include -IC:\User
s\mahmo\AppData\Local\Arm\Packs\Keil\TM4C_DFP\1.1.0\Device\Include\TM4C123 --pr
edefine="__EVAL SETA 1" --predefine="__UVISION_VERSION SETA 529" --predefine="_
RTE_ SETA 1" --predefine="TM4C123GH6PM SETA 1" --list=.\listings\main.lst main.
s



ARM Macro Assembler    Page 1 Alphabetic symbol ordering
Relocatable symbols

.text 00000000

Symbol: .text
   Definitions
      At line 19 in file main.s
   Uses
      None
Comment: .text unused
GPIOF_Init 00000054

Symbol: GPIOF_Init
   Definitions
      At line 70 in file main.s
   Uses
      At line 24 in file main.s
Comment: GPIOF_Init used once
delay 0000004E

Symbol: delay
   Definitions
      At line 65 in file main.s
   Uses
      At line 28 in file main.s
      At line 67 in file main.s

input 00000044

Symbol: input
   Definitions
      At line 59 in file main.s
   Uses
      At line 29 in file main.s
Comment: input used once
loop 00000004

Symbol: loop
   Definitions
      At line 26 in file main.s
   Uses
      At line 37 in file main.s
      At line 42 in file main.s
      At line 47 in file main.s
      At line 52 in file main.s

main 00000000

Symbol: main
   Definitions
      At line 23 in file main.s
   Uses
      At line 21 in file main.s
Comment: main used once
output 0000003E

Symbol: output
   Definitions
      At line 54 in file main.s
   Uses
      At line 36 in file main.s



ARM Macro Assembler    Page 2 Alphabetic symbol ordering
Relocatable symbols

      At line 41 in file main.s
      At line 46 in file main.s
      At line 51 in file main.s

switch12_on 00000034

Symbol: switch12_on
   Definitions
      At line 49 in file main.s
   Uses
      At line 35 in file main.s
Comment: switch12_on used once
switch1_on 00000020

Symbol: switch1_on
   Definitions
      At line 39 in file main.s
   Uses
      At line 31 in file main.s
Comment: switch1_on used once
switch2_on 0000002A

Symbol: switch2_on
   Definitions
      At line 44 in file main.s
   Uses
      At line 33 in file main.s
Comment: switch2_on used once
10 symbols



ARM Macro Assembler    Page 1 Alphabetic symbol ordering
Absolute symbols

BLUE 00000004

Symbol: BLUE
   Definitions
      At line 12 in file main.s
   Uses
      At line 50 in file main.s
Comment: BLUE used once
GPIOF_PORTF_DATA_R 400253FC

Symbol: GPIOF_PORTF_DATA_R
   Definitions
      At line 4 in file main.s
   Uses
      At line 55 in file main.s
      At line 60 in file main.s

GPIO_LOCK_KEY 4C4F434B

Symbol: GPIO_LOCK_KEY
   Definitions
      At line 9 in file main.s
   Uses
      At line 77 in file main.s
Comment: GPIO_LOCK_KEY used once
GPIO_PORTF_CR_R 40025524

Symbol: GPIO_PORTF_CR_R
   Definitions
      At line 8 in file main.s
   Uses
      At line 80 in file main.s
Comment: GPIO_PORTF_CR_R used once
GPIO_PORTF_DEN_R 4002551C

Symbol: GPIO_PORTF_DEN_R
   Definitions
      At line 3 in file main.s
   Uses
      At line 92 in file main.s
Comment: GPIO_PORTF_DEN_R used once
GPIO_PORTF_DIR_R 40025400

Symbol: GPIO_PORTF_DIR_R
   Definitions
      At line 2 in file main.s
   Uses
      At line 84 in file main.s
Comment: GPIO_PORTF_DIR_R used once
GPIO_PORTF_LOCK_R 40025520

Symbol: GPIO_PORTF_LOCK_R
   Definitions
      At line 7 in file main.s
   Uses
      At line 76 in file main.s
Comment: GPIO_PORTF_LOCK_R used once
GPIO_PORTF_PUR_R 40025510




ARM Macro Assembler    Page 2 Alphabetic symbol ordering
Absolute symbols

Symbol: GPIO_PORTF_PUR_R
   Definitions
      At line 6 in file main.s
   Uses
      At line 88 in file main.s
Comment: GPIO_PORTF_PUR_R used once
GREEN 00000008

Symbol: GREEN
   Definitions
      At line 13 in file main.s
   Uses
      At line 45 in file main.s
      At line 50 in file main.s

RED 00000002

Symbol: RED
   Definitions
      At line 11 in file main.s
   Uses
      At line 40 in file main.s
      At line 50 in file main.s

SEC_DIV_FIVE 001046AA

Symbol: SEC_DIV_FIVE
   Definitions
      At line 14 in file main.s
   Uses
      At line 27 in file main.s
Comment: SEC_DIV_FIVE used once
SYSCTL_RCGCGPIO_R 400FE608

Symbol: SYSCTL_RCGCGPIO_R
   Definitions
      At line 1 in file main.s
   Uses
      At line 71 in file main.s
Comment: SYSCTL_RCGCGPIO_R used once
12 symbols
359 symbols in table
